
[ â€‰â€‰â€…â€…UTCâ€…â€…â€‰â€‰ ] Logs for analytics-deathliver.streamlit.app/
â”€â”€â”€â”€â”€â”€â”€â”€â”€â”€â”€â”€â”€â”€â”€â”€â”€â”€â”€â”€â”€â”€â”€â”€â”€â”€â”€â”€â”€â”€â”€â”€â”€â”€â”€â”€â”€â”€â”€â”€â”€â”€â”€â”€â”€â”€â”€â”€â”€â”€â”€â”€â”€â”€â”€â”€â”€â”€â”€â”€â”€â”€â”€â”€â”€â”€â”€â”€â”€â”€â”€â”€â”€â”€â”€â”€â”€â”€â”€â”€â”€â”€â”€â”€â”€â”€â”€â”€
[16:14:52] ğŸ–¥ Provisioning machine...
[16:14:52] ğŸ› Preparing system...
[16:14:52] â›“ Spinning up manager process...
[15:54:34] ğŸš€ Starting up repository: 'de_steam_review_pipeline_analysis', branch: 'main', main module: 'streamlit_app.py'
[15:54:34] ğŸ™ Cloning repository...
[15:54:36] ğŸ™ Cloning into '/mount/src/de_steam_review_pipeline_analysis'...

[15:54:36] ğŸ™ Cloned repository!
[15:54:36] ğŸ™ Pulling code changes from Github...
[15:54:37] ğŸ“¦ Processing dependencies...

â”€â”€â”€â”€â”€â”€â”€â”€â”€â”€â”€â”€â”€â”€â”€â”€â”€â”€â”€â”€â”€â”€â”€â”€â”€â”€â”€â”€â”€â”€â”€â”€â”€â”€â”€â”€â”€â”€â”€â”€ uv â”€â”€â”€â”€â”€â”€â”€â”€â”€â”€â”€â”€â”€â”€â”€â”€â”€â”€â”€â”€â”€â”€â”€â”€â”€â”€â”€â”€â”€â”€â”€â”€â”€â”€â”€â”€â”€â”€â”€â”€â”€â”€â”€

Using uv pip install.
Using Python 3.13.9 environment at /home/adminuser/venv
Resolved 62 packages in 576ms
  Ã— Failed to download and build `pillow==9.5.0`[2025-10-30 15:54:42.156459] 
  â•°â”€â–¶ Build backend failed to determine requirements with `[2025-10-30 15:54:42.157021] build_wheel()[2025-10-30 15:54:42.157232] `
      (exit status: 1)

      [2025-10-30 15:54:42.157710] [stderr][2025-10-30 15:54:42.157933] 
      Traceback (most recent call last):
        File "<string>", line 14, in <module>
          requires = get_requires_for_build({})
        File
      "/home/adminuser/.cache/uv/builds-v0/.tmpa0m183/lib/python3.13/site-packages/setuptools/build_meta.py",
      line 331, in get_requires_for_build_wheel
          return self._get_build_requires(config_settings, requirements=[])
                 ~~~~~~~~~~~~~~~~~~~~~~~~^^^^^^^^^^^^^^^^^^^^^^^^^^^^^^^^^^
        File
      "/home/adminuser/.cache/uv/builds-v0/.tmpa0m183/lib/python3.13/site-packages/setuptools/build_meta.py",
      line 301, in _get_build_requires
          self.run_setup()
          ~~~~~~~~~~~~~~^^
        File
      "/home/adminuser/.cache/uv/builds-v0/.tmpa0m183/lib/python3.13/site-packages/setuptools/build_meta.py",
      line 512, in run_setup
          super().run_setup(setup_script=setup_script)
          ~~~~~~~~~~~~~~~~~^^^^^^^^^^^^^^^^^^^^^^^^^^^
        File
      "/home/adminuser/.cache/uv/builds-v0/.tmpa0m183/lib/python3.13/site-packages/setuptools/build_meta.py",
      line 317, in run_setup
          exec(code, locals())
          ~~~~^^^^^^^^^^^^^^^^
        File "<string>", line 29, in <module>
        File "<string>", line 26, in get_version
      KeyError: '__version__'

  help: `[2025-10-30 15:54:42.158590] pillow[2025-10-30 15:54:42.158800] ` was included because `[2025-10-30 15:54:42.159003] streamlit==1.25.0[2025-10-30 15:54:42.159216] ` depends on
        `[2025-10-30 15:54:42.159454] pillow[2025-10-30 15:54:42.159694] `[2025-10-30 15:54:42.159903] 
Checking if Streamlit is installed
Installing rich for an improved exception logging
Using uv pip install.
Using Python 3.13.9 environment at /home/adminuser/venv
Resolved 4 packages in 52ms
Prepared [2025-10-30 15:54:42.316667] 1 package[2025-10-30 15:54:42.316877]  [2025-10-30 15:54:42.317090] in 50ms[2025-10-30 15:54:42.317337] 
Installed [2025-10-30 15:54:42.344447] 4 packages[2025-10-30 15:54:42.345010]  [2025-10-30 15:54:42.345541] in 25ms[2025-10-30 15:54:42.346928] 
 [2025-10-30 15:54:42.347971] +[2025-10-30 15:54:42.348582]  [2025-10-30 15:54:42.349106] markdown-it-py[2025-10-30 15:54:42.349637] ==[2025-10-30 15:54:42.350154] 4.0.0[2025-10-30 15:54:42.351410] 
 [2025-10-30 15:54:42.352492] +[2025-10-30 15:54:42.353046]  [2025-10-30 15:54:42.353609] mdurl[2025-10-30 15:54:42.354098] ==[2025-10-30 15:54:42.354654] 0.1.2[2025-10-30 15:54:42.356604] 
 + pygments==2.19.2
 + rich==14.2.0

â”€â”€â”€â”€â”€â”€â”€â”€â”€â”€â”€â”€â”€â”€â”€â”€â”€â”€â”€â”€â”€â”€â”€â”€â”€â”€â”€â”€â”€â”€â”€â”€â”€â”€â”€â”€â”€â”€â”€â”€â”€â”€â”€â”€â”€â”€â”€â”€â”€â”€â”€â”€â”€â”€â”€â”€â”€â”€â”€â”€â”€â”€â”€â”€â”€â”€â”€â”€â”€â”€â”€â”€â”€â”€â”€â”€â”€â”€â”€â”€â”€â”€â”€â”€â”€â”€â”€â”€


â”€â”€â”€â”€â”€â”€â”€â”€â”€â”€â”€â”€â”€â”€â”€â”€â”€â”€â”€â”€â”€â”€â”€â”€â”€â”€â”€â”€â”€â”€â”€â”€â”€â”€â”€â”€â”€â”€â”€â”€ pip â”€â”€â”€â”€â”€â”€â”€â”€â”€â”€â”€â”€â”€â”€â”€â”€â”€â”€â”€â”€â”€â”€â”€â”€â”€â”€â”€â”€â”€â”€â”€â”€â”€â”€â”€â”€â”€â”€â”€â”€â”€â”€â”€

Using standard pip install.
Collecting openai>=1.40.0 (from -r /mount/src/de_steam_review_pipeline_analysis/requirements.txt (line 1))
  Downloading openai-2.6.1-py3-none-any.whl.metadata (29 kB)
Collecting duckdb>=0.10.2 (from -r /mount/src/de_steam_review_pipeline_analysis/requirements.txt (line 2))
  Downloading duckdb-1.4.1-cp313-cp313-manylinux_2_27_x86_64.manylinux_2_28_x86_64.whl.metadata (14 kB)
Collecting python-dotenv>=1.0.0 (from -r /mount/src/de_steam_review_pipeline_analysis/requirements.txt (line 3))
  Downloading python_dotenv-1.2.1-py3-none-any.whl.metadata (25 kB)
Collecting streamlit==1.25.0 (from -r /mount/src/de_steam_review_pipeline_analysis/requirements.txt (line 4))
  Downloading streamlit-1.25.0-py2.py3-none-any.whl.metadata (8.1 kB)
Collecting requests>=2.20.0 (from -r /mount/src/de_steam_review_pipeline_analysis/requirements.txt (line 5))
  Downloading requests-2.32.5-py3-none-any.whl.metadata (4.9 kB)
Collecting altair==5.0.1 (from -r /mount/src/de_steam_review_pipeline_analysis/requirements.txt (line 6))
  Downloading altair-5.0.1-py3-none-any.whl.metadata (8.5 kB)
Collecting blinker<2,>=1.0.0 (from streamlit==1.25.0->-r /mount/src/de_steam_review_pipeline_analysis/requirements.txt (line 4))
  Downloading blinker-1.9.0-py3-none-any.whl.metadata (1.6 kB)
Collecting cachetools<6,>=4.0 (from streamlit==1.25.0->-r /mount/src/de_steam_review_pipeline_analysis/requirements.txt (line 4))
  Downloading cachetools-5.5.2-py3-none-any.whl.metadata (5.4 kB)
Collecting click<9,>=7.0 (from streamlit==1.25.0->-r /mount/src/de_steam_review_pipeline_analysis/requirements.txt (line 4))
  Downloading click-8.3.0-py3-none-any.whl.metadata (2.6 kB)
Collecting importlib-metadata<7,>=1.4 (from streamlit==1.25.0->-r /mount/src/de_steam_review_pipeline_analysis/requirements.txt (line 4))
  Downloading importlib_metadata-6.11.0-py3-none-any.whl.metadata (4.9 kB)
Collecting numpy<2,>=1.19.3 (from streamlit==1.25.0->-r /mount/src/de_steam_review_pipeline_analysis/requirements.txt (line 4))
  Downloading numpy-1.26.4.tar.gz (15.8 MB)
     â”â”â”â”â”â”â”â”â”â”â”â”â”â”â”â”â”â”â”â”â”â”â”â”â”â”â”â”â”â”â”â”â”â”â”â”â”â”â”â” 15.8/15.8 MB 93.3 MB/s eta 0:00:00[2025-10-30 15:54:46.268586] 
  Installing build dependencies: started
  Installing build dependencies: finished with status 'done'
  Getting requirements to build wheel: started
  Getting requirements to build wheel: finished with status 'done'
  Installing backend dependencies: started
  Installing backend dependencies: finished with status 'done'
  Preparing metadata (pyproject.toml): started
  Preparing metadata (pyproject.toml): still running...
  Preparing metadata (pyproject.toml): still running...
  Preparing metadata (pyproject.toml): finished with status 'done'
Collecting packaging<24,>=16.8 (from streamlit==1.25.0->-r /mount/src/de_steam_review_pipeline_analysis/requirements.txt (line 4))
  Downloading packaging-23.2-py3-none-any.whl.metadata (3.2 kB)
Collecting pandas<3,>=1.3.0 (from streamlit==1.25.0->-r /mount/src/de_steam_review_pipeline_analysis/requirements.txt (line 4))
  Downloading pandas-2.3.3-cp313-cp313-manylinux_2_24_x86_64.manylinux_2_28_x86_64.whl.metadata (91 kB)
     â”â”â”â”â”â”â”â”â”â”â”â”â”â”â”â”â”â”â”â”â”â”â”â”â”â”â”â”â”â”â”â”â”â”â”â”â”â”â” 91.2/91.2 kB 199.7 MB/s eta 0:00:00[2025-10-30 15:57:12.313812] 
Collecting pillow<10,>=7.1.0 (from streamlit==1.25.0->-r /mount/src/de_steam_review_pipeline_analysis/requirements.txt (line 4))
  Downloading Pillow-9.5.0.tar.gz (50.5 MB)
     â”â”â”â”â”â”â”â”â”â”â”â”â”â”â”â”â”â”â”â”â”â”â”â”â”â”â”â”â”â”â”â”â”â”â”â”â”â”â” 50.5/50.5 MB 204.1 MB/s eta 0:00:00[2025-10-30 15:57:12.905464] 
  Installing build dependencies: started
  Installing build dependencies: finished with status 'done'
  Getting requirements to build wheel: started
  Getting requirements to build wheel: finished with status 'error'
  error: subprocess-exited-with-error
  
  Ã— Getting requirements to build wheel did not run successfully.
  â”‚ exit code: 1
  â•°â”€> [24 lines of output]
      Traceback (most recent call last):
        File "/home/adminuser/venv/lib/python3.13/site-packages/pip/_vendor/pyproject_hooks/_in_process/_in_process.py", line 353, in <module>
          main()
          ~~~~^^
        File "/home/adminuser/venv/lib/python3.13/site-packages/pip/_vendor/pyproject_hooks/_in_process/_in_process.py", line 335, in main
          json_out['return_val'] = hook(**hook_input['kwargs'])
                                   ~~~~^^^^^^^^^^^^^^^^^^^^^^^^
        File "/home/adminuser/venv/lib/python3.13/site-packages/pip/_vendor/pyproject_hooks/_in_process/_in_process.py", line 118, in get_requires_for_build_wheel
          return hook(config_settings)
        File "/tmp/pip-build-env-pcc26sz_/overlay/lib/python3.13/site-packages/setuptools/build_meta.py", line 331, in get_requires_for_build_wheel
          return self._get_build_requires(config_settings, requirements=[])
                 ~~~~~~~~~~~~~~~~~~~~~~~~^^^^^^^^^^^^^^^^^^^^^^^^^^^^^^^^^^
        File "/tmp/pip-build-env-pcc26sz_/overlay/lib/python3.13/site-packages/setuptools/build_meta.py", line 301, in _get_build_requires
          self.run_setup()
          ~~~~~~~~~~~~~~^^
        File "/tmp/pip-build-env-pcc26sz_/overlay/lib/python3.13/site-packages/setuptools/build_meta.py", line 512, in run_setup
          super().run_setup(setup_script=setup_script)
          ~~~~~~~~~~~~~~~~~^^^^^^^^^^^^^^^^^^^^^^^^^^^
        File "/tmp/pip-build-env-pcc26sz_/overlay/lib/python3.13/site-packages/setuptools/build_meta.py", line 317, in run_setup
          exec(code, locals())
          ~~~~^^^^^^^^^^^^^^^^
        File "<string>", line 29, in <module>
        File "<string>", line 26, in get_version
      KeyError: '__version__'
      [end of output]
  
  note: This error originates from a subprocess, and is likely not a problem with pip.
error: subprocess-exited-with-error

Ã— Getting requirements to build wheel did not run successfully.
â”‚ exit code: 1
â•°â”€> See above for output.

note: This error originates from a subprocess, and is likely not a problem with pip.

[notice] A new release of pip is available: 24.0 -> 25.3
[notice] To update, run: pip install --upgrade pip
Checking if Streamlit is installed
Installing rich for an improved exception logging
Using standard pip install.
Collecting rich>=10.14.0
  Downloading rich-14.2.0-py3-none-any.whl.metadata (18 kB)
Collecting markdown-it-py>=2.2.0 (from rich>=10.14.0)
  Downloading markdown_it_py-4.0.0-py3-none-any.whl.metadata (7.3 kB)
Collecting pygments<3.0.0,>=2.13.0 (from rich>=10.14.0)
  Downloading pygments-2.19.2-py3-none-any.whl.metadata (2.5 kB)
Collecting mdurl~=0.1 (from markdown-it-py>=2.2.0->rich>=10.14.0)
  Downloading mdurl-0.1.2-py3-none-any.whl.metadata (1.6 kB)
Downloading rich-14.2.0-py3-none-any.whl (243 kB)
   â”â”â”â”â”â”â”â”â”â”â”â”â”â”â”â”â”â”â”â”â”â”â”â”â”â”â”â”â”â”â”â”â”â”â”â”â”â”â”â” 243.4/243.4 kB 13.2 MB/s eta 0:00:00[2025-10-30 15:57:18.860162] 
Downloading markdown_it_py-4.0.0-py3-none-any.whl (87 kB)
   â”â”â”â”â”â”â”â”â”â”â”â”â”â”â”â”â”â”â”â”â”â”â”â”â”â”â”â”â”â”â”â”â”â”â”â”â”â”â”â” 87.3/87.3 kB 133.0 MB/s eta 0:00:00[2025-10-30 15:57:18.872189] 
Downloading pygments-2.19.2-py3-none-any.whl (1.2 MB)
   â”â”â”â”â”â”â”â”â”â”â”â”â”â”â”â”â”â”â”â”â”â”â”â”â”â”â”â”â”â”â”â”â”â”â”â”â”â”â”â” 1.2/1.2 MB 63.3 MB/s eta 0:00:00[2025-10-30 15:57:18.903344] 
Downloading mdurl-0.1.2-py3-none-any.whl (10.0 kB)
Installing collected packages: pygments, mdurl, markdown-it-py, rich
  Attempting uninstall: pygments
    Found existing installation: Pygments 2.19.2
    Uninstalling Pygments-2.19.2:
      Successfully uninstalled Pygments-2.19.2
  Attempting uninstall: mdurl
    Found existing installation: mdurl 0.1.2
    Uninstalling mdurl-0.1.2:
      Successfully uninstalled mdurl-0.1.2
  Attempting uninstall: markdown-it-py
    Found existing installation: markdown-it-py 4.0.0
    Uninstalling markdown-it-py-4.0.0:
      Successfully uninstalled markdown-it-py-4.0.0
  Attempting uninstall: rich
    Found existing installation: rich 14.2.0
    Uninstalling rich-14.2.0:
      Successfully uninstalled rich-14.2.0
Successfully installed markdown-it-py-4.0.0 mdurl-0.1.2 pygments-2.19.2 rich-14.2.0

[notice] A new release of pip is available: 24.0 -> 25.3
[notice] To update, run: pip install --upgrade pip

â”€â”€â”€â”€â”€â”€â”€â”€â”€â”€â”€â”€â”€â”€â”€â”€â”€â”€â”€â”€â”€â”€â”€â”€â”€â”€â”€â”€â”€â”€â”€â”€â”€â”€â”€â”€â”€â”€â”€â”€â”€â”€â”€â”€â”€â”€â”€â”€â”€â”€â”€â”€â”€â”€â”€â”€â”€â”€â”€â”€â”€â”€â”€â”€â”€â”€â”€â”€â”€â”€â”€â”€â”€â”€â”€â”€â”€â”€â”€â”€â”€â”€â”€â”€â”€â”€â”€â”€

[15:57:21] â—ï¸ installer returned a non-zero exit code
[15:57:21] â—ï¸ Error during processing dependencies! Please fix the error and push an update, or try restarting the app.
[16:14:45] ğŸ™ Pulling code changes from Github...
[16:14:46] ğŸ“¦ Processing dependencies...

â”€â”€â”€â”€â”€â”€â”€â”€â”€â”€â”€â”€â”€â”€â”€â”€â”€â”€â”€â”€â”€â”€â”€â”€â”€â”€â”€â”€â”€â”€â”€â”€â”€â”€â”€â”€â”€â”€â”€â”€ uv â”€â”€â”€â”€â”€â”€â”€â”€â”€â”€â”€â”€â”€â”€â”€â”€â”€â”€â”€â”€â”€â”€â”€â”€â”€â”€â”€â”€â”€â”€â”€â”€â”€â”€â”€â”€â”€â”€â”€â”€â”€â”€â”€

Using uv pip install.
Using Python 3.13.9 environment at /home/adminuser/venv
Resolved 56 packages in 293ms
Prepared 53 packages in 868ms
Uninstalled 1 package in 7ms
Installed 53 packages in 118ms
 + altair==5.4.1
 + annotated-types==0.7.0
 + anyio==4.11.0
 + attrs==25.4.0
 + blinker==1.9.0
 + cachetools==5.5.2
 + certifi==2025.10.5
 + charset-normalizer==3.4.4
 + click==8.3.0
 + distro==1.9.0
 + duckdb==1.4.1
 + gitdb==4.0.12
 + gitpython==[2025-10-30 16:14:47.853843] 3.1.45
 + h11==0.16.0
 + httpcore==1.0.9
 + httpx==0.28.1
 + idna==3.11
 + jinja2==3.1.6
 + jiter==0.11.1
 + jsonschema==4.25.1
 + jsonschema-specifications==2025.9.1
 + markupsafe==3.0.3[2025-10-30 16:14:47.854049] 
 + narwhals==2.10.0
 + numpy==2.3.4
 + openai==2.6.1
 + packaging==24.2
 + pandas==2.2.3
 + pillow==10.4.0
 + protobuf==5.29.5
 + pyarrow[2025-10-30 16:14:47.854297] ==22.0.0
 + pydantic==2.12.3
 + pydantic-core==2.41.4
 + pydeck==0.9.1
 + python-dateutil==2.9.0.post0
 + python-dotenv==1.2.1
 + pytz[2025-10-30 16:14:47.854488] ==2025.2
 + referencing==0.37.0
 + requests==2.32.5
 - rich==14.2.0
 + rich==13.9.4
 + rpds-py==[2025-10-30 16:14:47.854631] 0.28.0
 + six==1.17.0
 + smmap==5.0.2
 + sniffio==1.3.1
 + streamlit==1.39.0
 + tenacity==9.1.2
 + toml==0.10.2[2025-10-30 16:14:47.854756] 
 + tornado==6.5.2
 + tqdm==4.67.1
 + typing-extensions==4.15.0
 + typing-inspection==0.4.2
 + tzdata==[2025-10-30 16:14:47.854899] 2025.2
 + urllib3==2.5.0
 + watchdog==5.0.3
Checking if Streamlit is installed
Found Streamlit version 1.39.0 in the environment
Installing rich for an improved exception logging
Using uv pip install.
Using Python 3.13.9 environment at /home/adminuser/venv
Audited 1 package in 3ms

â”€â”€â”€â”€â”€â”€â”€â”€â”€â”€â”€â”€â”€â”€â”€â”€â”€â”€â”€â”€â”€â”€â”€â”€â”€â”€â”€â”€â”€â”€â”€â”€â”€â”€â”€â”€â”€â”€â”€â”€â”€â”€â”€â”€â”€â”€â”€â”€â”€â”€â”€â”€â”€â”€â”€â”€â”€â”€â”€â”€â”€â”€â”€â”€â”€â”€â”€â”€â”€â”€â”€â”€â”€â”€â”€â”€â”€â”€â”€â”€â”€â”€â”€â”€â”€â”€â”€â”€

[16:14:49] ğŸ Python dependencies were installed from /mount/src/de_steam_review_pipeline_analysis/requirements.txt using uv.
[16:14:49] ğŸ“¦ Processed dependencies!



[16:14:52] ğŸ”„ Updated app!
â”€â”€â”€â”€â”€â”€â”€â”€â”€â”€â”€â”€â”€â”€â”€â”€â”€â”€â”€â”€â”€â”€ Traceback (most recent call last) â”€â”€â”€â”€â”€â”€â”€â”€â”€â”€â”€â”€â”€â”€â”€â”€â”€â”€â”€â”€â”€â”€â”€
  /home/adminuser/venv/lib/python3.13/site-packages/streamlit/runtime/scriptru  
  nner/exec_code.py:88 in exec_func_with_error_handling                         
                                                                                
  /home/adminuser/venv/lib/python3.13/site-packages/streamlit/runtime/scriptru  
  nner/script_runner.py:579 in code_to_exec                                     
                                                                                
  /mount/src/de_steam_review_pipeline_analysis/streamlit_app.py:4 in <module>   
                                                                                
      1 import os                                                               
      2 import duckdb                                                           
      3 import streamlit as st                                                  
  â±   4 import altair as alt                                                    
      5 import pandas as pd                                                     
      6 from dotenv import load_dotenv                                          
      7 load_dotenv()                                                           
                                                                                
  /home/adminuser/venv/lib/python3.13/site-packages/altair/__init__.py:650 in   
  <module>                                                                      
                                                                                
    647 â”‚   return __all__                                                      
    648                                                                         
    649                                                                         
  â± 650 from altair.vegalite import *                                           
    651 from altair.vegalite.v5.schema.core import Dict                         
    652 from altair.jupyter import JupyterChart                                 
    653 from altair.expr import expr                                            
                                                                                
  /home/adminuser/venv/lib/python3.13/site-packages/altair/vegalite/__init__.p  
  y:2 in <module>                                                               
                                                                                
    1 # ruff: noqa: F403                                                        
  â± 2 from .v5 import *                                                         
    3                                                                           
                                                                                
  /home/adminuser/venv/lib/python3.13/site-packages/altair/vegalite/v5/__init_  
  _.py:4 in <module>                                                            
                                                                                
     1 # ruff: noqa: F401, F403                                                 
     2 from altair.expr.core import datum                                       
     3                                                                          
  â±  4 from .api import *                                                       
     5 from .compiler import vegalite_compilers                                 
     6 from .data import (                                                      
     7 â”‚   MaxRowsError,                                                        
                                                                                
  /home/adminuser/venv/lib/python3.13/site-packages/altair/vegalite/v5/api.py:  
  618 in <module>                                                               
                                                                                
     615 â”‚   return selection                                                   
     616                                                                        
     617                                                                        
  â±  618 class _ConditionClosed(TypedDict, closed=True, total=False):  # type:  
     619 â”‚   # https://peps.python.org/pep-0728/                                
     620 â”‚   # Parameter {"param", "value", "empty"}                            
     621 â”‚   # Predicate {"test", "value"}                                      
â”€â”€â”€â”€â”€â”€â”€â”€â”€â”€â”€â”€â”€â”€â”€â”€â”€â”€â”€â”€â”€â”€â”€â”€â”€â”€â”€â”€â”€â”€â”€â”€â”€â”€â”€â”€â”€â”€â”€â”€â”€â”€â”€â”€â”€â”€â”€â”€â”€â”€â”€â”€â”€â”€â”€â”€â”€â”€â”€â”€â”€â”€â”€â”€â”€â”€â”€â”€â”€â”€â”€â”€â”€â”€â”€â”€â”€â”€â”€â”€
TypeError: _TypedDictMeta.__new__() got an unexpected keyword argument 'closed'
[16:14:54] â—ï¸ 
2025-10-30 16:14:54.169 503 GET /script-health-check (127.0.0.1) 1567.19ms
â”€â”€â”€â”€â”€â”€â”€â”€â”€â”€â”€â”€â”€â”€â”€â”€â”€â”€â”€â”€â”€â”€ Traceback (most recent call last) â”€â”€â”€â”€â”€â”€â”€â”€â”€â”€â”€â”€â”€â”€â”€â”€â”€â”€â”€â”€â”€â”€â”€
  /home/adminuser/venv/lib/python3.13/site-packages/streamlit/runtime/scriptru  
  nner/exec_code.py:88 in exec_func_with_error_handling                         
                                                                                
  /home/adminuser/venv/lib/python3.13/site-packages/streamlit/runtime/scriptru  
  nner/script_runner.py:579 in code_to_exec                                     
                                                                                
  /mount/src/de_steam_review_pipeline_analysis/streamlit_app.py:4 in <module>   
                                                                                
      1 import os                                                               
      2 import duckdb                                                           
      3 import streamlit as st                                                  
  â±   4 import altair as alt                                                    
      5 import pandas as pd                                                     
      6 from dotenv import load_dotenv                                          
      7 load_dotenv()                                                           
                                                                                
  /home/adminuser/venv/lib/python3.13/site-packages/altair/__init__.py:650 in   
  <module>                                                                      
                                                                                
    647 â”‚   return __all__                                                      
    648                                                                         
    649                                                                         
  â± 650 from altair.vegalite import *                                           
    651 from altair.vegalite.v5.schema.core import Dict                         
    652 from altair.jupyter import JupyterChart                                 
    653 from altair.expr import expr                                            
                                                                                
  /home/adminuser/venv/lib/python3.13/site-packages/altair/vegalite/__init__.p  
  y:2 in <module>                                                               
                                                                                
    1 # ruff: noqa: F403                                                        
  â± 2 from .v5 import *                                                         
    3                                                                           
                                                                                
  /home/adminuser/venv/lib/python3.13/site-packages/altair/vegalite/v5/__init_  
  _.py:4 in <module>                                                            
                                                                                
     1 # ruff: noqa: F401, F403                                                 
     2 from altair.expr.core import datum                                       
     3                                                                          
  â±  4 from .api import *                                                       
     5 from .compiler import vegalite_compilers                                 
     6 from .data import (                                                      
     7 â”‚   MaxRowsError,                                                        
                                                                                
  /home/adminuser/venv/lib/python3.13/site-packages/altair/vegalite/v5/api.py:  
  618 in <module>                                                               
                                                                                
     615 â”‚   return selection                                                   
     616                                                                        
     617                                                                        
  â±  618 class _ConditionClosed(TypedDict, closed=True, total=False):  # type:  
     619 â”‚   # https://peps.python.org/pep-0728/                                
     620 â”‚   # Parameter {"param", "value", "empty"}                            
     621 â”‚   # Predicate {"test", "value"}                                      
â”€â”€â”€â”€â”€â”€â”€â”€â”€â”€â”€â”€â”€â”€â”€â”€â”€â”€â”€â”€â”€â”€â”€â”€â”€â”€â”€â”€â”€â”€â”€â”€â”€â”€â”€â”€â”€â”€â”€â”€â”€â”€â”€â”€â”€â”€â”€â”€â”€â”€â”€â”€â”€â”€â”€â”€â”€â”€â”€â”€â”€â”€â”€â”€â”€â”€â”€â”€â”€â”€â”€â”€â”€â”€â”€â”€â”€â”€â”€â”€
TypeError: _TypedDictMeta.__new__() got an unexpected keyword argument 'closed'
2025-10-30 16:14:57.823 503 GET /script-health-check (127.0.0.1) 239.38ms
â”€â”€â”€â”€â”€â”€â”€â”€â”€â”€â”€â”€â”€â”€â”€â”€â”€â”€â”€â”€â”€â”€ Traceback (most recent call last) â”€â”€â”€â”€â”€â”€â”€â”€â”€â”€â”€â”€â”€â”€â”€â”€â”€â”€â”€â”€â”€â”€â”€
  /home/adminuser/venv/lib/python3.13/site-packages/streamlit/runtime/scriptru  
  nner/exec_code.py:88 in exec_func_with_error_handling                         
                                                                                
  /home/adminuser/venv/lib/python3.13/site-packages/streamlit/runtime/scriptru  
  nner/script_runner.py:579 in code_to_exec                                     
                                                                                
  /mount/src/de_steam_review_pipeline_analysis/streamlit_app.py:4 in <module>   
                                                                                
      1 import os                                                               
      2 import duckdb                                                           
      3 import streamlit as st                                                  
  â±   4 import altair as alt                                                    
      5 import pandas as pd                                                     
      6 from dotenv import load_dotenv                                          
      7 load_dotenv()                                                           
                                                                                
  /home/adminuser/venv/lib/python3.13/site-packages/altair/__init__.py:650 in   
  <module>                                                                      
                                                                                
    647 â”‚   return __all__                                                      
    648                                                                         
    649                                                                         
  â± 650 from altair.vegalite import *                                           
    651 from altair.vegalite.v5.schema.core import Dict                         
    652 from altair.jupyter import JupyterChart                                 
    653 from altair.expr import expr                                            
                                                                                
  /home/adminuser/venv/lib/python3.13/site-packages/altair/vegalite/__init__.p  
  y:2 in <module>                                                               
                                                                                
    1 # ruff: noqa: F403                                                        
  â± 2 from .v5 import *                                                         
    3                                                                           
                                                                                
  /home/adminuser/venv/lib/python3.13/site-packages/altair/vegalite/v5/__init_  
  _.py:4 in <module>                                                            
                                                                                
     1 # ruff: noqa: F401, F403                                                 
     2 from altair.expr.core import datum                                       
     3                                                                          
  â±  4 from .api import *                                                       
     5 from .compiler import vegalite_compilers                                 
     6 from .data import (                                                      
     7 â”‚   MaxRowsError,                                                        
                                                                                
  /home/adminuser/venv/lib/python3.13/site-packages/altair/vegalite/v5/api.py:  
  618 in <module>                                                               
                                                                                
     615 â”‚   return selection                                                   
     616                                                                        
     617                                                                        
  â±  618 class _ConditionClosed(TypedDict, closed=True, total=False):  # type:  
     619 â”‚   # https://peps.python.org/pep-0728/                                
     620 â”‚   # Parameter {"param", "value", "empty"}                            
     621 â”‚   # Predicate {"test", "value"}                                      
â”€â”€â”€â”€â”€â”€â”€â”€â”€â”€â”€â”€â”€â”€â”€â”€â”€â”€â”€â”€â”€â”€â”€â”€â”€â”€â”€â”€â”€â”€â”€â”€â”€â”€â”€â”€â”€â”€â”€â”€â”€â”€â”€â”€â”€â”€â”€â”€â”€â”€â”€â”€â”€â”€â”€â”€â”€â”€â”€â”€â”€â”€â”€â”€â”€â”€â”€â”€â”€â”€â”€â”€â”€â”€â”€â”€â”€â”€â”€â”€
TypeError: _TypedDictMeta.__new__() got an unexpected keyword argument 'closed'
2025-10-30 16:15:02.786 503 GET /script-health-check (127.0.0.1) 208.37ms
â”€â”€â”€â”€â”€â”€â”€â”€â”€â”€â”€â”€â”€â”€â”€â”€â”€â”€â”€â”€â”€â”€ Traceback (most recent call last) â”€â”€â”€â”€â”€â”€â”€â”€â”€â”€â”€â”€â”€â”€â”€â”€â”€â”€â”€â”€â”€â”€â”€
  /home/adminuser/venv/lib/python3.13/site-packages/streamlit/runtime/scriptru  
  nner/exec_code.py:88 in exec_func_with_error_handling                         
                                                                                
  /home/adminuser/venv/lib/python3.13/site-packages/streamlit/runtime/scriptru  
  nner/script_runner.py:579 in code_to_exec                                     
                                                                                
  /mount/src/de_steam_review_pipeline_analysis/streamlit_app.py:4 in <module>   
                                                                                
      1 import os                                                               
      2 import duckdb                                                           
      3 import streamlit as st                                                  
  â±   4 import altair as alt                                                    
      5 import pandas as pd                                                     
      6 from dotenv import load_dotenv                                          
      7 load_dotenv()                                                           
                                                                                
  /home/adminuser/venv/lib/python3.13/site-packages/altair/__init__.py:650 in   
  <module>                                                                      
                                                                                
    647 â”‚   return __all__                                                      
    648                                                                         
    649                                                                         
  â± 650 from altair.vegalite import *                                           
    651 from altair.vegalite.v5.schema.core import Dict                         
    652 from altair.jupyter import JupyterChart                                 
    653 from altair.expr import expr                                            
                                                                                
  /home/adminuser/venv/lib/python3.13/site-packages/altair/vegalite/__init__.p  
  y:2 in <module>                                                               
                                                                                
    1 # ruff: noqa: F403                                                        
  â± 2 from .v5 import *                                                         
    3                                                                           
                                                                                
  /home/adminuser/venv/lib/python3.13/site-packages/altair/vegalite/v5/__init_  
  _.py:4 in <module>                                                            
                                                                                
     1 # ruff: noqa: F401, F403                                                 
     2 from altair.expr.core import datum                                       
     3                                                                          
  â±  4 from .api import *                                                       
     5 from .compiler import vegalite_compilers                                 
     6 from .data import (                                                      
     7 â”‚   MaxRowsError,                                                        
                                                                                
  /home/adminuser/venv/lib/python3.13/site-packages/altair/vegalite/v5/api.py:  
  618 in <module>                                                               
                                                                                
     615 â”‚   return selection                                                   
     616                                                                        
     617                                                                        
  â±  618 class _ConditionClosed(TypedDict, closed=True, total=False):  # type:  
     619 â”‚   # https://peps.python.org/pep-0728/                                
     620 â”‚   # Parameter {"param", "value", "empty"}                            
     621 â”‚   # Predicate {"test", "value"}                                      
â”€â”€â”€â”€â”€â”€â”€â”€â”€â”€â”€â”€â”€â”€â”€â”€â”€â”€â”€â”€â”€â”€â”€â”€â”€â”€â”€â”€â”€â”€â”€â”€â”€â”€â”€â”€â”€â”€â”€â”€â”€â”€â”€â”€â”€â”€â”€â”€â”€â”€â”€â”€â”€â”€â”€â”€â”€â”€â”€â”€â”€â”€â”€â”€â”€â”€â”€â”€â”€â”€â”€â”€â”€â”€â”€â”€â”€â”€â”€â”€
TypeError: _TypedDictMeta.__new__() got an unexpected keyword argument 'closed'
â”€â”€â”€â”€â”€â”€â”€â”€â”€â”€â”€â”€â”€â”€â”€â”€â”€â”€â”€â”€â”€â”€ Traceback (most recent call last) â”€â”€â”€â”€â”€â”€â”€â”€â”€â”€â”€â”€â”€â”€â”€â”€â”€â”€â”€â”€â”€â”€â”€
  /home/adminuser/venv/lib/python3.13/site-packages/streamlit/runtime/scriptru  
  nner/exec_code.py:88 in exec_func_with_error_handling                         
                                                                                
  /home/adminuser/venv/lib/python3.13/site-packages/streamlit/runtime/scriptru  
  nner/script_runner.py:579 in code_to_exec                                     
                                                                                
  /mount/src/de_steam_review_pipeline_analysis/streamlit_app.py:4 in <module>   
                                                                                
      1 import os                                                               
      2 import duckdb                                                           
      3 import streamlit as st                                                  
  â±   4 import altair as alt                                                    
      5 import pandas as pd                                                     
      6 from dotenv import load_dotenv                                          
      7 load_dotenv()                                                           
                                                                                
  /home/adminuser/venv/lib/python3.13/site-packages/altair/__init__.py:650 in   
  <module>                                                                      
                                                                                
    647 â”‚   return __all__                                                      
    648                                                                         
    649                                                                         
  â± 650 from altair.vegalite import *                                           
    651 from altair.vegalite.v5.schema.core import Dict                         
    652 from altair.jupyter import JupyterChart                                 
    653 from altair.expr import expr                                            
                                                                                
  /home/adminuser/venv/lib/python3.13/site-packages/altair/vegalite/__init__.p  
  y:2 in <module>                                                               
                                                                                
    1 # ruff: noqa: F403                                                        
  â± 2 from .v5 import *                                                         
    3                                                                           
                                                                                
  /home/adminuser/venv/lib/python3.13/site-packages/altair/vegalite/v5/__init_  
  _.py:4 in <module>                                                            
                                                                                
     1 # ruff: noqa: F401, F403                                                 
     2 from altair.expr.core import datum                                       
     3                                                                          
  â±  4 from .api import *                                                       
     5 from .compiler import vegalite_compilers                                 
     6 from .data import (                                                      
     7 â”‚   MaxRowsError,                                                        
                                                                                
  /home/adminuser/venv/lib/python3.13/site-packages/altair/vegalite/v5/api.py:  
  618 in <module>                                                               
                                                                                
     615 â”‚   return selection                                                   
     616                                                                        
     617                                                                        
  â±  618 class _ConditionClosed(TypedDict, closed=True, total=False):  # type:  
     619 â”‚   # https://peps.python.org/pep-0728/                                
     620 â”‚   # Parameter {"param", "value", "empty"}                            
     621 â”‚   # Predicate {"test", "value"}                                      
â”€â”€â”€â”€â”€â”€â”€â”€â”€â”€â”€â”€â”€â”€â”€â”€â”€â”€â”€â”€â”€â”€â”€â”€â”€â”€â”€â”€â”€â”€â”€â”€â”€â”€â”€â”€â”€â”€â”€â”€â”€â”€â”€â”€â”€â”€â”€â”€â”€â”€â”€â”€â”€â”€â”€â”€â”€â”€â”€â”€â”€â”€â”€â”€â”€â”€â”€â”€â”€â”€â”€â”€â”€â”€â”€â”€â”€â”€â”€â”€
TypeError: _TypedDictMeta.__new__() got an unexpected keyword argument 'closed'
2025-10-30 16:15:07.787 503 GET /script-health-check (127.0.0.1) 207.49ms
â”€â”€â”€â”€â”€â”€â”€â”€â”€â”€â”€â”€â”€â”€â”€â”€â”€â”€â”€â”€â”€â”€ Traceback (most recent call last) â”€â”€â”€â”€â”€â”€â”€â”€â”€â”€â”€â”€â”€â”€â”€â”€â”€â”€â”€â”€â”€â”€â”€
  /home/adminuser/venv/lib/python3.13/site-packages/streamlit/runtime/scriptru  
  nner/exec_code.py:88 in exec_func_with_error_handling                         
                                                                                
  /home/adminuser/venv/lib/python3.13/site-packages/streamlit/runtime/scriptru  
  nner/script_runner.py:579 in code_to_exec                                     
                                                                                
  /mount/src/de_steam_review_pipeline_analysis/streamlit_app.py:4 in <module>   
                                                                                
      1 import os                                                               
      2 import duckdb                                                           
      3 import streamlit as st                                                  
  â±   4 import altair as alt                                                    
      5 import pandas as pd                                                     
      6 from dotenv import load_dotenv                                          
      7 load_dotenv()                                                           
                                                                                
  /home/adminuser/venv/lib/python3.13/site-packages/altair/__init__.py:650 in   
  <module>                                                                      
                                                                                
    647 â”‚   return __all__                                                      
    648                                                                         
    649                                                                         
  â± 650 from altair.vegalite import *                                           
    651 from altair.vegalite.v5.schema.core import Dict                         
    652 from altair.jupyter import JupyterChart                                 
    653 from altair.expr import expr                                            
                                                                                
  /home/adminuser/venv/lib/python3.13/site-packages/altair/vegalite/__init__.p  
  y:2 in <module>                                                               
                                                                                
    1 # ruff: noqa: F403                                                        
  â± 2 from .v5 import *                                                         
    3                                                                           
                                                                                
  /home/adminuser/venv/lib/python3.13/site-packages/altair/vegalite/v5/__init_  
  _.py:4 in <module>                                                            
                                                                                
     1 # ruff: noqa: F401, F403                                                 
     2 from altair.expr.core import datum                                       
     3                                                                          
  â±  4 from .api import *                                                       
     5 from .compiler import vegalite_compilers                                 
     6 from .data import (                                                      
     7 â”‚   MaxRowsError,                                                        
                                                                                
  /home/adminuser/venv/lib/python3.13/site-packages/altair/vegalite/v5/api.py:  
  618 in <module>                                                               
                                                                                
     615 â”‚   return selection                                                   
     616                                                                        
     617                                                                        
  â±  618 class _ConditionClosed(TypedDict, closed=True, total=False):  # type:  
     619 â”‚   # https://peps.python.org/pep-0728/                                
     620 â”‚   # Parameter {"param", "value", "empty"}                            
     621 â”‚   # Predicate {"test", "value"}                                      
â”€â”€â”€â”€â”€â”€â”€â”€â”€â”€â”€â”€â”€â”€â”€â”€â”€â”€â”€â”€â”€â”€â”€â”€â”€â”€â”€â”€â”€â”€â”€â”€â”€â”€â”€â”€â”€â”€â”€â”€â”€â”€â”€â”€â”€â”€â”€â”€â”€â”€â”€â”€â”€â”€â”€â”€â”€â”€â”€â”€â”€â”€â”€â”€â”€â”€â”€â”€â”€â”€â”€â”€â”€â”€â”€â”€â”€â”€â”€â”€
TypeError: _TypedDictMeta.__new__() got an unexpected keyword argument 'closed'
2025-10-30 16:15:12.816 503 GET /script-health-check (127.0.0.1) 230.91ms
â”€â”€â”€â”€â”€â”€â”€â”€â”€â”€â”€â”€â”€â”€â”€â”€â”€â”€â”€â”€â”€â”€ Traceback (most recent call last) â”€â”€â”€â”€â”€â”€â”€â”€â”€â”€â”€â”€â”€â”€â”€â”€â”€â”€â”€â”€â”€â”€â”€
  /home/adminuser/venv/lib/python3.13/site-packages/streamlit/runtime/scriptru  
  nner/exec_code.py:88 in exec_func_with_error_handling                         
                                                                                
  /home/adminuser/venv/lib/python3.13/site-packages/streamlit/runtime/scriptru  
  nner/script_runner.py:579 in code_to_exec                                     
                                                                                
  /mount/src/de_steam_review_pipeline_analysis/streamlit_app.py:4 in <module>   
                                                                                
      1 import os                                                               
      2 import duckdb                                                           
      3 import streamlit as st                                                  
  â±   4 import altair as alt                                                    
      5 import pandas as pd                                                     
      6 from dotenv import load_dotenv                                          
      7 load_dotenv()                                                           
                                                                                
  /home/adminuser/venv/lib/python3.13/site-packages/altair/__init__.py:650 in   
  <module>                                                                      
                                                                                
    647 â”‚   return __all__                                                      
    648                                                                         
    649                                                                         
  â± 650 from altair.vegalite import *                                           
    651 from altair.vegalite.v5.schema.core import Dict                         
    652 from altair.jupyter import JupyterChart                                 
    653 from altair.expr import expr                                            
                                                                                
  /home/adminuser/venv/lib/python3.13/site-packages/altair/vegalite/__init__.p  
  y:2 in <module>                                                               
                                                                                
    1 # ruff: noqa: F403                                                        
  â± 2 from .v5 import *                                                         
    3                                                                           
                                                                                
  /home/adminuser/venv/lib/python3.13/site-packages/altair/vegalite/v5/__init_  
  _.py:4 in <module>                                                            
                                                                                
     1 # ruff: noqa: F401, F403                                                 
     2 from altair.expr.core import datum                                       
     3                                                                          
  â±  4 from .api import *                                                       
     5 from .compiler import vegalite_compilers                                 
     6 from .data import (                                                      
     7 â”‚   MaxRowsError,                                                        
                                                                                
  /home/adminuser/venv/lib/python3.13/site-packages/altair/vegalite/v5/api.py:  
  618 in <module>                                                               
                                                                                
     615 â”‚   return selection                                                   
     616                                                                        
     617                                                                        
  â±  618 class _ConditionClosed(TypedDict, closed=True, total=False):  # type:  
     619 â”‚   # https://peps.python.org/pep-0728/                                
     620 â”‚   # Parameter {"param", "value", "empty"}                            
     621 â”‚   # Predicate {"test", "value"}                                      
â”€â”€â”€â”€â”€â”€â”€â”€â”€â”€â”€â”€â”€â”€â”€â”€â”€â”€â”€â”€â”€â”€â”€â”€â”€â”€â”€â”€â”€â”€â”€â”€â”€â”€â”€â”€â”€â”€â”€â”€â”€â”€â”€â”€â”€â”€â”€â”€â”€â”€â”€â”€â”€â”€â”€â”€â”€â”€â”€â”€â”€â”€â”€â”€â”€â”€â”€â”€â”€â”€â”€â”€â”€â”€â”€â”€â”€â”€â”€â”€
TypeError: _TypedDictMeta.__new__() got an unexpected keyword argument 'closed'
2025-10-30 16:15:17.839 503 GET /script-health-check (127.0.0.1) 236.77ms
â”€â”€â”€â”€â”€â”€â”€â”€â”€â”€â”€â”€â”€â”€â”€â”€â”€â”€â”€â”€â”€â”€ Traceback (most recent call last) â”€â”€â”€â”€â”€â”€â”€â”€â”€â”€â”€â”€â”€â”€â”€â”€â”€â”€â”€â”€â”€â”€â”€
  /home/adminuser/venv/lib/python3.13/site-packages/streamlit/runtime/scriptru  
  nner/exec_code.py:88 in exec_func_with_error_handling                         
                                                                                
  /home/adminuser/venv/lib/python3.13/site-packages/streamlit/runtime/scriptru  
  nner/script_runner.py:579 in code_to_exec                                     
                                                                                
  /mount/src/de_steam_review_pipeline_analysis/streamlit_app.py:4 in <module>   
                                                                                
      1 import os                                                               
      2 import duckdb                                                           
      3 import streamlit as st                                                  
  â±   4 import altair as alt                                                    
      5 import pandas as pd                                                     
      6 from dotenv import load_dotenv                                          
      7 load_dotenv()                                                           
                                                                                
  /home/adminuser/venv/lib/python3.13/site-packages/altair/__init__.py:650 in   
  <module>                                                                      
                                                                                
    647 â”‚   return __all__                                                      
    648                                                                         
    649                                                                         
  â± 650 from altair.vegalite import *                                           
    651 from altair.vegalite.v5.schema.core import Dict                         
    652 from altair.jupyter import JupyterChart                                 
    653 from altair.expr import expr                                            
                                                                                
  /home/adminuser/venv/lib/python3.13/site-packages/altair/vegalite/__init__.p  
  y:2 in <module>                                                               
                                                                                
    1 # ruff: noqa: F403                                                        
  â± 2 from .v5 import *                                                         
    3                                                                           
                                                                                
  /home/adminuser/venv/lib/python3.13/site-packages/altair/vegalite/v5/__init_  
  _.py:4 in <module>                                                            
                                                                                
     1 # ruff: noqa: F401, F403                                                 
     2 from altair.expr.core import datum                                       
     3                                                                          
  â±  4 from .api import *                                                       
     5 from .compiler import vegalite_compilers                                 
     6 from .data import (                                                      
     7 â”‚   MaxRowsError,                                                        
                                                                                
  /home/adminuser/venv/lib/python3.13/site-packages/altair/vegalite/v5/api.py:  
  618 in <module>                                                               
                                                                                
     615 â”‚   return selection                                                   
     616                                                                        
     617                                                                        
  â±  618 class _ConditionClosed(TypedDict, closed=True, total=False):  # type:  
     619 â”‚   # https://peps.python.org/pep-0728/                                
     620 â”‚   # Parameter {"param", "value", "empty"}                            
     621 â”‚   # Predicate {"test", "value"}                                      
â”€â”€â”€â”€â”€â”€â”€â”€â”€â”€â”€â”€â”€â”€â”€â”€â”€â”€â”€â”€â”€â”€â”€â”€â”€â”€â”€â”€â”€â”€â”€â”€â”€â”€â”€â”€â”€â”€â”€â”€â”€â”€â”€â”€â”€â”€â”€â”€â”€â”€â”€â”€â”€â”€â”€â”€â”€â”€â”€â”€â”€â”€â”€â”€â”€â”€â”€â”€â”€â”€â”€â”€â”€â”€â”€â”€â”€â”€â”€â”€
TypeError: _TypedDictMeta.__new__() got an unexpected keyword argument 'closed'
2025-10-30 16:15:22.821 503 GET /script-health-check (127.0.0.1) 227.18ms
â”€â”€â”€â”€â”€â”€â”€â”€â”€â”€â”€â”€â”€â”€â”€â”€â”€â”€â”€â”€â”€â”€ Traceback (most recent call last) â”€â”€â”€â”€â”€â”€â”€â”€â”€â”€â”€â”€â”€â”€â”€â”€â”€â”€â”€â”€â”€â”€â”€
  /home/adminuser/venv/lib/python3.13/site-packages/streamlit/runtime/scriptru  
  nner/exec_code.py:88 in exec_func_with_error_handling                         
                                                                                
  /home/adminuser/venv/lib/python3.13/site-packages/streamlit/runtime/scriptru  
  nner/script_runner.py:579 in code_to_exec                                     
                                                                                
  /mount/src/de_steam_review_pipeline_analysis/streamlit_app.py:4 in <module>   
                                                                                
      1 import os                                                               
      2 import duckdb                                                           
      3 import streamlit as st                                                  
  â±   4 import altair as alt                                                    
      5 import pandas as pd                                                     
      6 from dotenv import load_dotenv                                          
      7 load_dotenv()                                                           
                                                                                
  /home/adminuser/venv/lib/python3.13/site-packages/altair/__init__.py:650 in   
  <module>                                                                      
                                                                                
    647 â”‚   return __all__                                                      
    648                                                                         
    649                                                                         
  â± 650 from altair.vegalite import *                                           
    651 from altair.vegalite.v5.schema.core import Dict                         
    652 from altair.jupyter import JupyterChart                                 
    653 from altair.expr import expr                                            
                                                                                
  /home/adminuser/venv/lib/python3.13/site-packages/altair/vegalite/__init__.p  
  y:2 in <module>                                                               
                                                                                
    1 # ruff: noqa: F403                                                        
  â± 2 from .v5 import *                                                         
    3                                                                           
                                                                                
  /home/adminuser/venv/lib/python3.13/site-packages/altair/vegalite/v5/__init_  
  _.py:4 in <module>                                                            
                                                                                
     1 # ruff: noqa: F401, F403                                                 
     2 from altair.expr.core import datum                                       
     3                                                                          
  â±  4 from .api import *                                                       
     5 from .compiler import vegalite_compilers                                 
     6 from .data import (                                                      
     7 â”‚   MaxRowsError,                                                        
                                                                                
  /home/adminuser/venv/lib/python3.13/site-packages/altair/vegalite/v5/api.py:  
  618 in <module>                                                               
                                                                                
     615 â”‚   return selection                                                   
     616                                                                        
     617                                                                        
  â±  618 class _ConditionClosed(TypedDict, closed=True, total=False):  # type:  
     619 â”‚   # https://peps.python.org/pep-0728/                                
     620 â”‚   # Parameter {"param", "value", "empty"}                            
     621 â”‚   # Predicate {"test", "value"}                                      
â”€â”€â”€â”€â”€â”€â”€â”€â”€â”€â”€â”€â”€â”€â”€â”€â”€â”€â”€â”€â”€â”€â”€â”€â”€â”€â”€â”€â”€â”€â”€â”€â”€â”€â”€â”€â”€â”€â”€â”€â”€â”€â”€â”€â”€â”€â”€â”€â”€â”€â”€â”€â”€â”€â”€â”€â”€â”€â”€â”€â”€â”€â”€â”€â”€â”€â”€â”€â”€â”€â”€â”€â”€â”€â”€â”€â”€â”€â”€â”€
TypeError: _TypedDictMeta.__new__() got an unexpected keyword argument 'closed'
2025-10-30 16:15:27.903 503 GET /script-health-check (127.0.0.1) 295.74ms
â”€â”€â”€â”€â”€â”€â”€â”€â”€â”€â”€â”€â”€â”€â”€â”€â”€â”€â”€â”€â”€â”€ Traceback (most recent call last) â”€â”€â”€â”€â”€â”€â”€â”€â”€â”€â”€â”€â”€â”€â”€â”€â”€â”€â”€â”€â”€â”€â”€
  /home/adminuser/venv/lib/python3.13/site-packages/streamlit/runtime/scriptru  
  nner/exec_code.py:88 in exec_func_with_error_handling                         
                                                                                
  /home/adminuser/venv/lib/python3.13/site-packages/streamlit/runtime/scriptru  
  nner/script_runner.py:579 in code_to_exec                                     
                                                                                
  /mount/src/de_steam_review_pipeline_analysis/streamlit_app.py:4 in <module>   
                                                                                
      1 import os                                                               
      2 import duckdb                                                           
      3 import streamlit as st                                                  
  â±   4 import altair as alt                                                    
      5 import pandas as pd                                                     
      6 from dotenv import load_dotenv                                          
      7 load_dotenv()                                                           
                                                                                
  /home/adminuser/venv/lib/python3.13/site-packages/altair/__init__.py:650 in   
  <module>                                                                      
                                                                                
    647 â”‚   return __all__                                                      
    648                                                                         
    649                                                                         
  â± 650 from altair.vegalite import *                                           
    651 from altair.vegalite.v5.schema.core import Dict                         
    652 from altair.jupyter import JupyterChart                                 
    653 from altair.expr import expr                                            
                                                                                
  /home/adminuser/venv/lib/python3.13/site-packages/altair/vegalite/__init__.p  
  y:2 in <module>                                                               
                                                                                
    1 # ruff: noqa: F403                                                        
  â± 2 from .v5 import *                                                         
    3                                                                           
                                                                                
  /home/adminuser/venv/lib/python3.13/site-packages/altair/vegalite/v5/__init_  
  _.py:4 in <module>                                                            
                                                                                
     1 # ruff: noqa: F401, F403                                                 
     2 from altair.expr.core import datum                                       
     3                                                                          
  â±  4 from .api import *                                                       
     5 from .compiler import vegalite_compilers                                 
     6 from .data import (                                                      
     7 â”‚   MaxRowsError,                                                        
                                                                                
  /home/adminuser/venv/lib/python3.13/site-packages/altair/vegalite/v5/api.py:  
  618 in <module>                                                               
                                                                                
     615 â”‚   return selection                                                   
     616                                                                        
     617                                                                        
  â±  618 class _ConditionClosed(TypedDict, closed=True, total=False):  # type:  
     619 â”‚   # https://peps.python.org/pep-0728/                                
     620 â”‚   # Parameter {"param", "value", "empty"}                            
     621 â”‚   # Predicate {"test", "value"}                                      
â”€â”€â”€â”€â”€â”€â”€â”€â”€â”€â”€â”€â”€â”€â”€â”€â”€â”€â”€â”€â”€â”€â”€â”€â”€â”€â”€â”€â”€â”€â”€â”€â”€â”€â”€â”€â”€â”€â”€â”€â”€â”€â”€â”€â”€â”€â”€â”€â”€â”€â”€â”€â”€â”€â”€â”€â”€â”€â”€â”€â”€â”€â”€â”€â”€â”€â”€â”€â”€â”€â”€â”€â”€â”€â”€â”€â”€â”€â”€â”€
TypeError: _TypedDictMeta.__new__() got an unexpected keyword argument 'closed'
2025-10-30 16:15:32.810 503 GET /script-health-check (127.0.0.1) 216.92ms
â”€â”€â”€â”€â”€â”€â”€â”€â”€â”€â”€â”€â”€â”€â”€â”€â”€â”€â”€â”€â”€â”€ Traceback (most recent call last) â”€â”€â”€â”€â”€â”€â”€â”€â”€â”€â”€â”€â”€â”€â”€â”€â”€â”€â”€â”€â”€â”€â”€
  /home/adminuser/venv/lib/python3.13/site-packages/streamlit/runtime/scriptru  
  nner/exec_code.py:88 in exec_func_with_error_handling                         
                                                                                
  /home/adminuser/venv/lib/python3.13/site-packages/streamlit/runtime/scriptru  
  nner/script_runner.py:579 in code_to_exec                                     
                                                                                
  /mount/src/de_steam_review_pipeline_analysis/streamlit_app.py:4 in <module>   
                                                                                
      1 import os                                                               
      2 import duckdb                                                           
      3 import streamlit as st                                                  
  â±   4 import altair as alt                                                    
      5 import pandas as pd                                                     
      6 from dotenv import load_dotenv                                          
      7 load_dotenv()                                                           
                                                                                
  /home/adminuser/venv/lib/python3.13/site-packages/altair/__init__.py:650 in   
  <module>                                                                      
                                                                                
    647 â”‚   return __all__                                                      
    648                                                                         
    649                                                                         
  â± 650 from altair.vegalite import *                                           
    651 from altair.vegalite.v5.schema.core import Dict                         
    652 from altair.jupyter import JupyterChart                                 
    653 from altair.expr import expr                                            
                                                                                
  /home/adminuser/venv/lib/python3.13/site-packages/altair/vegalite/__init__.p  
  y:2 in <module>                                                               
                                                                                
    1 # ruff: noqa: F403                                                        
  â± 2 from .v5 import *                                                         
    3                                                                           
                                                                                
  /home/adminuser/venv/lib/python3.13/site-packages/altair/vegalite/v5/__init_  
  _.py:4 in <module>                                                            
                                                                                
     1 # ruff: noqa: F401, F403                                                 
     2 from altair.expr.core import datum                                       
     3                                                                          
  â±  4 from .api import *                                                       
     5 from .compiler import vegalite_compilers                                 
     6 from .data import (                                                      
     7 â”‚   MaxRowsError,                                                        
                                                                                
  /home/adminuser/venv/lib/python3.13/site-packages/altair/vegalite/v5/api.py:  
  618 in <module>                                                               
                                                                                
     615 â”‚   return selection                                                   
     616                                                                        
     617                                                                        
  â±  618 class _ConditionClosed(TypedDict, closed=True, total=False):  # type:  
     619 â”‚   # https://peps.python.org/pep-0728/                                
     620 â”‚   # Parameter {"param", "value", "empty"}                            
     621 â”‚   # Predicate {"test", "value"}                                      
â”€â”€â”€â”€â”€â”€â”€â”€â”€â”€â”€â”€â”€â”€â”€â”€â”€â”€â”€â”€â”€â”€â”€â”€â”€â”€â”€â”€â”€â”€â”€â”€â”€â”€â”€â”€â”€â”€â”€â”€â”€â”€â”€â”€â”€â”€â”€â”€â”€â”€â”€â”€â”€â”€â”€â”€â”€â”€â”€â”€â”€â”€â”€â”€â”€â”€â”€â”€â”€â”€â”€â”€â”€â”€â”€â”€â”€â”€â”€â”€
TypeError: _TypedDictMeta.__new__() got an unexpected keyword argument 'closed'
2025-10-30 16:15:37.881 503 GET /script-health-check (127.0.0.1) 263.42ms
â”€â”€â”€â”€â”€â”€â”€â”€â”€â”€â”€â”€â”€â”€â”€â”€â”€â”€â”€â”€â”€â”€ Traceback (most recent call last) â”€â”€â”€â”€â”€â”€â”€â”€â”€â”€â”€â”€â”€â”€â”€â”€â”€â”€â”€â”€â”€â”€â”€
  /home/adminuser/venv/lib/python3.13/site-packages/streamlit/runtime/scriptru  
  nner/exec_code.py:88 in exec_func_with_error_handling                         
                                                                                
  /home/adminuser/venv/lib/python3.13/site-packages/streamlit/runtime/scriptru  
  nner/script_runner.py:579 in code_to_exec                                     
                                                                                
  /mount/src/de_steam_review_pipeline_analysis/streamlit_app.py:4 in <module>   
                                                                                
      1 import os                                                               
      2 import duckdb                                                           
      3 import streamlit as st                                                  
  â±   4 import altair as alt                                                    
      5 import pandas as pd                                                     
      6 from dotenv import load_dotenv                                          
      7 load_dotenv()                                                           
                                                                                
  /home/adminuser/venv/lib/python3.13/site-packages/altair/__init__.py:650 in   
  <module>                                                                      
                                                                                
    647 â”‚   return __all__                                                      
    648                                                                         
    649                                                                         
  â± 650 from altair.vegalite import *                                           
    651 from altair.vegalite.v5.schema.core import Dict                         
    652 from altair.jupyter import JupyterChart                                 
    653 from altair.expr import expr                                            
                                                                                
  /home/adminuser/venv/lib/python3.13/site-packages/altair/vegalite/__init__.p  
  y:2 in <module>                                                               
                                                                                
    1 # ruff: noqa: F403                                                        
  â± 2 from .v5 import *                                                         
    3                                                                           
                                                                                
  /home/adminuser/venv/lib/python3.13/site-packages/altair/vegalite/v5/__init_  
  _.py:4 in <module>                                                            
                                                                                
     1 # ruff: noqa: F401, F403                                                 
     2 from altair.expr.core import datum                                       
     3                                                                          
  â±  4 from .api import *                                                       
     5 from .compiler import vegalite_compilers                                 
     6 from .data import (                                                      
     7 â”‚   MaxRowsError,                                                        
                                                                                
  /home/adminuser/venv/lib/python3.13/site-packages/altair/vegalite/v5/api.py:  
  618 in <module>                                                               
                                                                                
     615 â”‚   return selection                                                   
     616                                                                        
     617                                                                        
  â±  618 class _ConditionClosed(TypedDict, closed=True, total=False):  # type:  
     619 â”‚   # https://peps.python.org/pep-0728/                                
     620 â”‚   # Parameter {"param", "value", "empty"}                            
     621 â”‚   # Predicate {"test", "value"}                                      
â”€â”€â”€â”€â”€â”€â”€â”€â”€â”€â”€â”€â”€â”€â”€â”€â”€â”€â”€â”€â”€â”€â”€â”€â”€â”€â”€â”€â”€â”€â”€â”€â”€â”€â”€â”€â”€â”€â”€â”€â”€â”€â”€â”€â”€â”€â”€â”€â”€â”€â”€â”€â”€â”€â”€â”€â”€â”€â”€â”€â”€â”€â”€â”€â”€â”€â”€â”€â”€â”€â”€â”€â”€â”€â”€â”€â”€â”€â”€â”€
TypeError: _TypedDictMeta.__new__() got an unexpected keyword argument 'closed'
2025-10-30 16:15:42.834 503 GET /script-health-check (127.0.0.1) 240.41ms
â”€â”€â”€â”€â”€â”€â”€â”€â”€â”€â”€â”€â”€â”€â”€â”€â”€â”€â”€â”€â”€â”€ Traceback (most recent call last) â”€â”€â”€â”€â”€â”€â”€â”€â”€â”€â”€â”€â”€â”€â”€â”€â”€â”€â”€â”€â”€â”€â”€
  /home/adminuser/venv/lib/python3.13/site-packages/streamlit/runtime/scriptru  
  nner/exec_code.py:88 in exec_func_with_error_handling                         
                                                                                
  /home/adminuser/venv/lib/python3.13/site-packages/streamlit/runtime/scriptru  
  nner/script_runner.py:579 in code_to_exec                                     
                                                                                
  /mount/src/de_steam_review_pipeline_analysis/streamlit_app.py:4 in <module>   
                                                                                
      1 import os                                                               
      2 import duckdb                                                           
      3 import streamlit as st                                                  
  â±   4 import altair as alt                                                    
      5 import pandas as pd                                                     
      6 from dotenv import load_dotenv                                          
      7 load_dotenv()                                                           
                                                                                
  /home/adminuser/venv/lib/python3.13/site-packages/altair/__init__.py:650 in   
  <module>                                                                      
                                                                                
    647 â”‚   return __all__                                                      
    648                                                                         
    649                                                                         
  â± 650 from altair.vegalite import *                                           
    651 from altair.vegalite.v5.schema.core import Dict                         
    652 from altair.jupyter import JupyterChart                                 
    653 from altair.expr import expr                                            
                                                                                
  /home/adminuser/venv/lib/python3.13/site-packages/altair/vegalite/__init__.p  
  y:2 in <module>                                                               
                                                                                
    1 # ruff: noqa: F403                                                        
  â± 2 from .v5 import *                                                         
    3                                                                           
                                                                                
  /home/adminuser/venv/lib/python3.13/site-packages/altair/vegalite/v5/__init_  
  _.py:4 in <module>                                                            
                                                                                
     1 # ruff: noqa: F401, F403                                                 
     2 from altair.expr.core import datum                                       
     3                                                                          
  â±  4 from .api import *                                                       
     5 from .compiler import vegalite_compilers                                 
     6 from .data import (                                                      
     7 â”‚   MaxRowsError,                                                        
                                                                                
  /home/adminuser/venv/lib/python3.13/site-packages/altair/vegalite/v5/api.py:  
  618 in <module>                                                               
                                                                                
     615 â”‚   return selection                                                   
     616                                                                        
     617                                                                        
  â±  618 class _ConditionClosed(TypedDict, closed=True, total=False):  # type:  
     619 â”‚   # https://peps.python.org/pep-0728/                                
     620 â”‚   # Parameter {"param", "value", "empty"}                            
     621 â”‚   # Predicate {"test", "value"}                                      
â”€â”€â”€â”€â”€â”€â”€â”€â”€â”€â”€â”€â”€â”€â”€â”€â”€â”€â”€â”€â”€â”€â”€â”€â”€â”€â”€â”€â”€â”€â”€â”€â”€â”€â”€â”€â”€â”€â”€â”€â”€â”€â”€â”€â”€â”€â”€â”€â”€â”€â”€â”€â”€â”€â”€â”€â”€â”€â”€â”€â”€â”€â”€â”€â”€â”€â”€â”€â”€â”€â”€â”€â”€â”€â”€â”€â”€â”€â”€â”€
TypeError: _TypedDictMeta.__new__() got an unexpected keyword argument 'closed'
2025-10-30 16:15:47.795 503 GET /script-health-check (127.0.0.1) 207.45ms
â”€â”€â”€â”€â”€â”€â”€â”€â”€â”€â”€â”€â”€â”€â”€â”€â”€â”€â”€â”€â”€â”€ Traceback (most recent call last) â”€â”€â”€â”€â”€â”€â”€â”€â”€â”€â”€â”€â”€â”€â”€â”€â”€â”€â”€â”€â”€â”€â”€
  /home/adminuser/venv/lib/python3.13/site-packages/streamlit/runtime/scriptru  
  nner/exec_code.py:88 in exec_func_with_error_handling                         
                                                                                
  /home/adminuser/venv/lib/python3.13/site-packages/streamlit/runtime/scriptru  
  nner/script_runner.py:579 in code_to_exec                                     
                                                                                
  /mount/src/de_steam_review_pipeline_analysis/streamlit_app.py:4 in <module>   
                                                                                
      1 import os                                                               
      2 import duckdb                                                           
      3 import streamlit as st                                                  
  â±   4 import altair as alt                                                    
      5 import pandas as pd                                                     
      6 from dotenv import load_dotenv                                          
      7 load_dotenv()                                                           
                                                                                
  /home/adminuser/venv/lib/python3.13/site-packages/altair/__init__.py:650 in   
  <module>                                                                      
                                                                                
    647 â”‚   return __all__                                                      
    648                                                                         
    649                                                                         
  â± 650 from altair.vegalite import *                                           
    651 from altair.vegalite.v5.schema.core import Dict                         
    652 from altair.jupyter import JupyterChart                                 
    653 from altair.expr import expr                                            
                                                                                
  /home/adminuser/venv/lib/python3.13/site-packages/altair/vegalite/__init__.p  
  y:2 in <module>                                                               
                                                                                
    1 # ruff: noqa: F403                                                        
  â± 2 from .v5 import *                                                         
    3                                                                           
                                                                                
  /home/adminuser/venv/lib/python3.13/site-packages/altair/vegalite/v5/__init_  
  _.py:4 in <module>                                                            
                                                                                
     1 # ruff: noqa: F401, F403                                                 
     2 from altair.expr.core import datum                                       
     3                                                                          
  â±  4 from .api import *                                                       
     5 from .compiler import vegalite_compilers                                 
     6 from .data import (                                                      
     7 â”‚   MaxRowsError,                                                        
                                                                                
  /home/adminuser/venv/lib/python3.13/site-packages/altair/vegalite/v5/api.py:  
  618 in <module>                                                               
                                                                                
     615 â”‚   return selection                                                   
     616                                                                        
     617                                                                        
  â±  618 class _ConditionClosed(TypedDict, closed=True, total=False):  # type:  
     619 â”‚   # https://peps.python.org/pep-0728/                                
     620 â”‚   # Parameter {"param", "value", "empty"}                            
     621 â”‚   # Predicate {"test", "value"}                                      
â”€â”€â”€â”€â”€â”€â”€â”€â”€â”€â”€â”€â”€â”€â”€â”€â”€â”€â”€â”€â”€â”€â”€â”€â”€â”€â”€â”€â”€â”€â”€â”€â”€â”€â”€â”€â”€â”€â”€â”€â”€â”€â”€â”€â”€â”€â”€â”€â”€â”€â”€â”€â”€â”€â”€â”€â”€â”€â”€â”€â”€â”€â”€â”€â”€â”€â”€â”€â”€â”€â”€â”€â”€â”€â”€â”€â”€â”€â”€â”€
TypeError: _TypedDictMeta.__new__() got an unexpected keyword argument 'closed'
2025-10-30 16:15:52.808 503 GET /script-health-check (127.0.0.1) 219.92ms
â”€â”€â”€â”€â”€â”€â”€â”€â”€â”€â”€â”€â”€â”€â”€â”€â”€â”€â”€â”€â”€â”€ Traceback (most recent call last) â”€â”€â”€â”€â”€â”€â”€â”€â”€â”€â”€â”€â”€â”€â”€â”€â”€â”€â”€â”€â”€â”€â”€
  /home/adminuser/venv/lib/python3.13/site-packages/streamlit/runtime/scriptru  
  nner/exec_code.py:88 in exec_func_with_error_handling                         
                                                                                
  /home/adminuser/venv/lib/python3.13/site-packages/streamlit/runtime/scriptru  
  nner/script_runner.py:579 in code_to_exec                                     
                                                                                
  /mount/src/de_steam_review_pipeline_analysis/streamlit_app.py:4 in <module>   
                                                                                
      1 import os                                                               
      2 import duckdb                                                           
      3 import streamlit as st                                                  
  â±   4 import altair as alt                                                    
      5 import pandas as pd                                                     
      6 from dotenv import load_dotenv                                          
      7 load_dotenv()                                                           
                                                                                
  /home/adminuser/venv/lib/python3.13/site-packages/altair/__init__.py:650 in   
  <module>                                                                      
                                                                                
    647 â”‚   return __all__                                                      
    648                                                                         
    649                                                                         
  â± 650 from altair.vegalite import *                                           
    651 from altair.vegalite.v5.schema.core import Dict                         
    652 from altair.jupyter import JupyterChart                                 
    653 from altair.expr import expr                                            
                                                                                
  /home/adminuser/venv/lib/python3.13/site-packages/altair/vegalite/__init__.p  
  y:2 in <module>                                                               
                                                                                
    1 # ruff: noqa: F403                                                        
  â± 2 from .v5 import *                                                         
    3                                                                           
                                                                                
  /home/adminuser/venv/lib/python3.13/site-packages/altair/vegalite/v5/__init_  
  _.py:4 in <module>                                                            
                                                                                
     1 # ruff: noqa: F401, F403                                                 
     2 from altair.expr.core import datum                                       
     3                                                                          
  â±  4 from .api import *                                                       
     5 from .compiler import vegalite_compilers                                 
     6 from .data import (                                                      
     7 â”‚   MaxRowsError,                                                        
                                                                                
  /home/adminuser/venv/lib/python3.13/site-packages/altair/vegalite/v5/api.py:  
  618 in <module>                                                               
                                                                                
     615 â”‚   return selection                                                   
     616                                                                        
     617                                                                        
  â±  618 class _ConditionClosed(TypedDict, closed=True, total=False):  # type:  
     619 â”‚   # https://peps.python.org/pep-0728/                                
     620 â”‚   # Parameter {"param", "value", "empty"}                            
     621 â”‚   # Predicate {"test", "value"}                                      
â”€â”€â”€â”€â”€â”€â”€â”€â”€â”€â”€â”€â”€â”€â”€â”€â”€â”€â”€â”€â”€â”€â”€â”€â”€â”€â”€â”€â”€â”€â”€â”€â”€â”€â”€â”€â”€â”€â”€â”€â”€â”€â”€â”€â”€â”€â”€â”€â”€â”€â”€â”€â”€â”€â”€â”€â”€â”€â”€â”€â”€â”€â”€â”€â”€â”€â”€â”€â”€â”€â”€â”€â”€â”€â”€â”€â”€â”€â”€â”€
TypeError: _TypedDictMeta.__new__() got an unexpected keyword argument 'closed'
2025-10-30 16:15:57.826 503 GET /script-health-check (127.0.0.1) 212.18ms
â”€â”€â”€â”€â”€â”€â”€â”€â”€â”€â”€â”€â”€â”€â”€â”€â”€â”€â”€â”€â”€â”€ Traceback (most recent call last) â”€â”€â”€â”€â”€â”€â”€â”€â”€â”€â”€â”€â”€â”€â”€â”€â”€â”€â”€â”€â”€â”€â”€
  /home/adminuser/venv/lib/python3.13/site-packages/streamlit/runtime/scriptru  
  nner/exec_code.py:88 in exec_func_with_error_handling                         
                                                                                
  /home/adminuser/venv/lib/python3.13/site-packages/streamlit/runtime/scriptru  
  nner/script_runner.py:579 in code_to_exec                                     
                                                                                
  /mount/src/de_steam_review_pipeline_analysis/streamlit_app.py:4 in <module>   
                                                                                
      1 import os                                                               
      2 import duckdb                                                           
      3 import streamlit as st                                                  
  â±   4 import altair as alt                                                    
      5 import pandas as pd                                                     
      6 from dotenv import load_dotenv                                          
      7 load_dotenv()                                                           
                                                                                
  /home/adminuser/venv/lib/python3.13/site-packages/altair/__init__.py:650 in   
  <module>                                                                      
                                                                                
    647 â”‚   return __all__                                                      
    648                                                                         
    649                                                                         
  â± 650 from altair.vegalite import *                                           
    651 from altair.vegalite.v5.schema.core import Dict                         
    652 from altair.jupyter import JupyterChart                                 
    653 from altair.expr import expr                                            
                                                                                
  /home/adminuser/venv/lib/python3.13/site-packages/altair/vegalite/__init__.p  
  y:2 in <module>                                                               
                                                                                
    1 # ruff: noqa: F403                                                        
  â± 2 from .v5 import *                                                         
    3                                                                           
                                                                                
  /home/adminuser/venv/lib/python3.13/site-packages/altair/vegalite/v5/__init_  
  _.py:4 in <module>                                                            
                                                                                
     1 # ruff: noqa: F401, F403                                                 
     2 from altair.expr.core import datum                                       
     3                                                                          
  â±  4 from .api import *                                                       
     5 from .compiler import vegalite_compilers                                 
     6 from .data import (                                                      
     7 â”‚   MaxRowsError,                                                        
                                                                                
  /home/adminuser/venv/lib/python3.13/site-packages/altair/vegalite/v5/api.py:  
  618 in <module>                                                               
                                                                                
     615 â”‚   return selection                                                   
     616                                                                        
     617                                                                        
  â±  618 class _ConditionClosed(TypedDict, closed=True, total=False):  # type:  
     619 â”‚   # https://peps.python.org/pep-0728/                                
     620 â”‚   # Parameter {"param", "value", "empty"}                            
     621 â”‚   # Predicate {"test", "value"}                                      
â”€â”€â”€â”€â”€â”€â”€â”€â”€â”€â”€â”€â”€â”€â”€â”€â”€â”€â”€â”€â”€â”€â”€â”€â”€â”€â”€â”€â”€â”€â”€â”€â”€â”€â”€â”€â”€â”€â”€â”€â”€â”€â”€â”€â”€â”€â”€â”€â”€â”€â”€â”€â”€â”€â”€â”€â”€â”€â”€â”€â”€â”€â”€â”€â”€â”€â”€â”€â”€â”€â”€â”€â”€â”€â”€â”€â”€â”€â”€â”€
TypeError: _TypedDictMeta.__new__() got an unexpected keyword argument 'closed'
2025-10-30 16:16:02.861 503 GET /script-health-check (127.0.0.1) 246.78ms
â”€â”€â”€â”€â”€â”€â”€â”€â”€â”€â”€â”€â”€â”€â”€â”€â”€â”€â”€â”€â”€â”€ Traceback (most recent call last) â”€â”€â”€â”€â”€â”€â”€â”€â”€â”€â”€â”€â”€â”€â”€â”€â”€â”€â”€â”€â”€â”€â”€
  /home/adminuser/venv/lib/python3.13/site-packages/streamlit/runtime/scriptru  
  nner/exec_code.py:88 in exec_func_with_error_handling                         
                                                                                
  /home/adminuser/venv/lib/python3.13/site-packages/streamlit/runtime/scriptru  
  nner/script_runner.py:579 in code_to_exec                                     
                                                                                
  /mount/src/de_steam_review_pipeline_analysis/streamlit_app.py:4 in <module>   
                                                                                
      1 import os                                                               
      2 import duckdb                                                           
      3 import streamlit as st                                                  
  â±   4 import altair as alt                                                    
      5 import pandas as pd                                                     
      6 from dotenv import load_dotenv                                          
      7 load_dotenv()                                                           
                                                                                
  /home/adminuser/venv/lib/python3.13/site-packages/altair/__init__.py:650 in   
  <module>                                                                      
                                                                                
    647 â”‚   return __all__                                                      
    648                                                                         
    649                                                                         
  â± 650 from altair.vegalite import *                                           
    651 from altair.vegalite.v5.schema.core import Dict                         
    652 from altair.jupyter import JupyterChart                                 
    653 from altair.expr import expr                                            
                                                                                
  /home/adminuser/venv/lib/python3.13/site-packages/altair/vegalite/__init__.p  
  y:2 in <module>                                                               
                                                                                
    1 # ruff: noqa: F403                                                        
  â± 2 from .v5 import *                                                         
    3                                                                           
                                                                                
  /home/adminuser/venv/lib/python3.13/site-packages/altair/vegalite/v5/__init_  
  _.py:4 in <module>                                                            
                                                                                
     1 # ruff: noqa: F401, F403                                                 
     2 from altair.expr.core import datum                                       
     3                                                                          
  â±  4 from .api import *                                                       
     5 from .compiler import vegalite_compilers                                 
     6 from .data import (                                                      
     7 â”‚   MaxRowsError,                                                        
                                                                                
  /home/adminuser/venv/lib/python3.13/site-packages/altair/vegalite/v5/api.py:  
  618 in <module>                                                               
                                                                                
     615 â”‚   return selection                                                   
     616                                                                        
     617                                                                        
  â±  618 class _ConditionClosed(TypedDict, closed=True, total=False):  # type:  
     619 â”‚   # https://peps.python.org/pep-0728/                                
     620 â”‚   # Parameter {"param", "value", "empty"}                            
     621 â”‚   # Predicate {"test", "value"}                                      
â”€â”€â”€â”€â”€â”€â”€â”€â”€â”€â”€â”€â”€â”€â”€â”€â”€â”€â”€â”€â”€â”€â”€â”€â”€â”€â”€â”€â”€â”€â”€â”€â”€â”€â”€â”€â”€â”€â”€â”€â”€â”€â”€â”€â”€â”€â”€â”€â”€â”€â”€â”€â”€â”€â”€â”€â”€â”€â”€â”€â”€â”€â”€â”€â”€â”€â”€â”€â”€â”€â”€â”€â”€â”€â”€â”€â”€â”€â”€â”€
TypeError: _TypedDictMeta.__new__() got an unexpected keyword argument 'closed'
2025-10-30 16:16:07.878 503 GET /script-health-check (127.0.0.1) 269.03ms
â”€â”€â”€â”€â”€â”€â”€â”€â”€â”€â”€â”€â”€â”€â”€â”€â”€â”€â”€â”€â”€â”€ Traceback (most recent call last) â”€â”€â”€â”€â”€â”€â”€â”€â”€â”€â”€â”€â”€â”€â”€â”€â”€â”€â”€â”€â”€â”€â”€
  /home/adminuser/venv/lib/python3.13/site-packages/streamlit/runtime/scriptru  
  nner/exec_code.py:88 in exec_func_with_error_handling                         
                                                                                
  /home/adminuser/venv/lib/python3.13/site-packages/streamlit/runtime/scriptru  
  nner/script_runner.py:579 in code_to_exec                                     
                                                                                
  /mount/src/de_steam_review_pipeline_analysis/streamlit_app.py:4 in <module>   
                                                                                
      1 import os                                                               
      2 import duckdb                                                           
      3 import streamlit as st                                                  
  â±   4 import altair as alt                                                    
      5 import pandas as pd                                                     
      6 from dotenv import load_dotenv                                          
      7 load_dotenv()                                                           
                                                                                
  /home/adminuser/venv/lib/python3.13/site-packages/altair/__init__.py:650 in   
  <module>                                                                      
                                                                                
    647 â”‚   return __all__                                                      
    648                                                                         
    649                                                                         
  â± 650 from altair.vegalite import *                                           
    651 from altair.vegalite.v5.schema.core import Dict                         
    652 from altair.jupyter import JupyterChart                                 
    653 from altair.expr import expr                                            
                                                                                
  /home/adminuser/venv/lib/python3.13/site-packages/altair/vegalite/__init__.p  
  y:2 in <module>                                                               
                                                                                
    1 # ruff: noqa: F403                                                        
  â± 2 from .v5 import *                                                         
    3                                                                           
                                                                                
  /home/adminuser/venv/lib/python3.13/site-packages/altair/vegalite/v5/__init_  
  _.py:4 in <module>                                                            
                                                                                
     1 # ruff: noqa: F401, F403                                                 
     2 from altair.expr.core import datum                                       
     3                                                                          
  â±  4 from .api import *                                                       
     5 from .compiler import vegalite_compilers                                 
     6 from .data import (                                                      
     7 â”‚   MaxRowsError,                                                        
                                                                                
  /home/adminuser/venv/lib/python3.13/site-packages/altair/vegalite/v5/api.py:  
  618 in <module>                                                               
                                                                                
     615 â”‚   return selection                                                   
     616                                                                        
     617                                                                        
  â±  618 class _ConditionClosed(TypedDict, closed=True, total=False):  # type:  
     619 â”‚   # https://peps.python.org/pep-0728/                                
     620 â”‚   # Parameter {"param", "value", "empty"}                            
     621 â”‚   # Predicate {"test", "value"}                                      
â”€â”€â”€â”€â”€â”€â”€â”€â”€â”€â”€â”€â”€â”€â”€â”€â”€â”€â”€â”€â”€â”€â”€â”€â”€â”€â”€â”€â”€â”€â”€â”€â”€â”€â”€â”€â”€â”€â”€â”€â”€â”€â”€â”€â”€â”€â”€â”€â”€â”€â”€â”€â”€â”€â”€â”€â”€â”€â”€â”€â”€â”€â”€â”€â”€â”€â”€â”€â”€â”€â”€â”€â”€â”€â”€â”€â”€â”€â”€â”€
TypeError: _TypedDictMeta.__new__() got an unexpected keyword argument 'closed'
2025-10-30 16:16:12.809 503 GET /script-health-check (127.0.0.1) 232.87ms
â”€â”€â”€â”€â”€â”€â”€â”€â”€â”€â”€â”€â”€â”€â”€â”€â”€â”€â”€â”€â”€â”€ Traceback (most recent call last) â”€â”€â”€â”€â”€â”€â”€â”€â”€â”€â”€â”€â”€â”€â”€â”€â”€â”€â”€â”€â”€â”€â”€
  /home/adminuser/venv/lib/python3.13/site-packages/streamlit/runtime/scriptru  
  nner/exec_code.py:88 in exec_func_with_error_handling                         
                                                                                
  /home/adminuser/venv/lib/python3.13/site-packages/streamlit/runtime/scriptru  
  nner/script_runner.py:579 in code_to_exec                                     
                                                                                
  /mount/src/de_steam_review_pipeline_analysis/streamlit_app.py:4 in <module>   
                                                                                
      1 import os                                                               
      2 import duckdb                                                           
      3 import streamlit as st                                                  
  â±   4 import altair as alt                                                    
      5 import pandas as pd                                                     
      6 from dotenv import load_dotenv                                          
      7 load_dotenv()                                                           
                                                                                
  /home/adminuser/venv/lib/python3.13/site-packages/altair/__init__.py:650 in   
  <module>                                                                      
                                                                                
    647 â”‚   return __all__                                                      
    648                                                                         
    649                                                                         
  â± 650 from altair.vegalite import *                                           
    651 from altair.vegalite.v5.schema.core import Dict                         
    652 from altair.jupyter import JupyterChart                                 
    653 from altair.expr import expr                                            
                                                                                
  /home/adminuser/venv/lib/python3.13/site-packages/altair/vegalite/__init__.p  
  y:2 in <module>                                                               
                                                                                
    1 # ruff: noqa: F403                                                        
  â± 2 from .v5 import *                                                         
    3                                                                           
                                                                                
  /home/adminuser/venv/lib/python3.13/site-packages/altair/vegalite/v5/__init_  
  _.py:4 in <module>                                                            
                                                                                
     1 # ruff: noqa: F401, F403                                                 
     2 from altair.expr.core import datum                                       
     3                                                                          
  â±  4 from .api import *                                                       
     5 from .compiler import vegalite_compilers                                 
     6 from .data import (                                                      
     7 â”‚   MaxRowsError,                                                        
                                                                                
  /home/adminuser/venv/lib/python3.13/site-packages/altair/vegalite/v5/api.py:  
  618 in <module>                                                               
                                                                                
     615 â”‚   return selection                                                   
     616                                                                        
     617                                                                        
  â±  618 class _ConditionClosed(TypedDict, closed=True, total=False):  # type:  
     619 â”‚   # https://peps.python.org/pep-0728/                                
     620 â”‚   # Parameter {"param", "value", "empty"}                            
     621 â”‚   # Predicate {"test", "value"}                                      
â”€â”€â”€â”€â”€â”€â”€â”€â”€â”€â”€â”€â”€â”€â”€â”€â”€â”€â”€â”€â”€â”€â”€â”€â”€â”€â”€â”€â”€â”€â”€â”€â”€â”€â”€â”€â”€â”€â”€â”€â”€â”€â”€â”€â”€â”€â”€â”€â”€â”€â”€â”€â”€â”€â”€â”€â”€â”€â”€â”€â”€â”€â”€â”€â”€â”€â”€â”€â”€â”€â”€â”€â”€â”€â”€â”€â”€â”€â”€â”€
TypeError: _TypedDictMeta.__new__() got an unexpected keyword argument 'closed'
2025-10-30 16:16:17.882 503 GET /script-health-check (127.0.0.1) 273.80ms
â”€â”€â”€â”€â”€â”€â”€â”€â”€â”€â”€â”€â”€â”€â”€â”€â”€â”€â”€â”€â”€â”€ Traceback (most recent call last) â”€â”€â”€â”€â”€â”€â”€â”€â”€â”€â”€â”€â”€â”€â”€â”€â”€â”€â”€â”€â”€â”€â”€
  /home/adminuser/venv/lib/python3.13/site-packages/streamlit/runtime/scriptru  
  nner/exec_code.py:88 in exec_func_with_error_handling                         
                                                                                
  /home/adminuser/venv/lib/python3.13/site-packages/streamlit/runtime/scriptru  
  nner/script_runner.py:579 in code_to_exec                                     
                                                                                
  /mount/src/de_steam_review_pipeline_analysis/streamlit_app.py:4 in <module>   
                                                                                
      1 import os                                                               
      2 import duckdb                                                           
      3 import streamlit as st                                                  
  â±   4 import altair as alt                                                    
      5 import pandas as pd                                                     
      6 from dotenv import load_dotenv                                          
      7 load_dotenv()                                                           
                                                                                
  /home/adminuser/venv/lib/python3.13/site-packages/altair/__init__.py:650 in   
  <module>                                                                      
                                                                                
    647 â”‚   return __all__                                                      
    648                                                                         
    649                                                                         
  â± 650 from altair.vegalite import *                                           
    651 from altair.vegalite.v5.schema.core import Dict                         
    652 from altair.jupyter import JupyterChart                                 
    653 from altair.expr import expr                                            
                                                                                
  /home/adminuser/venv/lib/python3.13/site-packages/altair/vegalite/__init__.p  
  y:2 in <module>                                                               
                                                                                
    1 # ruff: noqa: F403                                                        
  â± 2 from .v5 import *                                                         
    3                                                                           
                                                                                
  /home/adminuser/venv/lib/python3.13/site-packages/altair/vegalite/v5/__init_  
  _.py:4 in <module>                                                            
                                                                                
     1 # ruff: noqa: F401, F403                                                 
     2 from altair.expr.core import datum                                       
     3                                                                          
  â±  4 from .api import *                                                       
     5 from .compiler import vegalite_compilers                                 
     6 from .data import (                                                      
     7 â”‚   MaxRowsError,                                                        
                                                                                
  /home/adminuser/venv/lib/python3.13/site-packages/altair/vegalite/v5/api.py:  
  618 in <module>                                                               
                                                                                
     615 â”‚   return selection                                                   
     616                                                                        
     617                                                                        
  â±  618 class _ConditionClosed(TypedDict, closed=True, total=False):  # type:  
     619 â”‚   # https://peps.python.org/pep-0728/                                
     620 â”‚   # Parameter {"param", "value", "empty"}                            
     621 â”‚   # Predicate {"test", "value"}                                      
â”€â”€â”€â”€â”€â”€â”€â”€â”€â”€â”€â”€â”€â”€â”€â”€â”€â”€â”€â”€â”€â”€â”€â”€â”€â”€â”€â”€â”€â”€â”€â”€â”€â”€â”€â”€â”€â”€â”€â”€â”€â”€â”€â”€â”€â”€â”€â”€â”€â”€â”€â”€â”€â”€â”€â”€â”€â”€â”€â”€â”€â”€â”€â”€â”€â”€â”€â”€â”€â”€â”€â”€â”€â”€â”€â”€â”€â”€â”€â”€
TypeError: _TypedDictMeta.__new__() got an unexpected keyword argument 'closed'
2025-10-30 16:16:23.089 503 GET /script-health-check (127.0.0.1) 357.77ms
â”€â”€â”€â”€â”€â”€â”€â”€â”€â”€â”€â”€â”€â”€â”€â”€â”€â”€â”€â”€â”€â”€ Traceback (most recent call last) â”€â”€â”€â”€â”€â”€â”€â”€â”€â”€â”€â”€â”€â”€â”€â”€â”€â”€â”€â”€â”€â”€â”€
  /home/adminuser/venv/lib/python3.13/site-packages/streamlit/runtime/scriptru  
  nner/exec_code.py:88 in exec_func_with_error_handling                         
                                                                                
  /home/adminuser/venv/lib/python3.13/site-packages/streamlit/runtime/scriptru  
  nner/script_runner.py:579 in code_to_exec                                     
                                                                                
  /mount/src/de_steam_review_pipeline_analysis/streamlit_app.py:4 in <module>   
                                                                                
      1 import os                                                               
      2 import duckdb                                                           
      3 import streamlit as st                                                  
  â±   4 import altair as alt                                                    
      5 import pandas as pd                                                     
      6 from dotenv import load_dotenv                                          
      7 load_dotenv()                                                           
                                                                                
  /home/adminuser/venv/lib/python3.13/site-packages/altair/__init__.py:650 in   
  <module>                                                                      
                                                                                
    647 â”‚   return __all__                                                      
    648                                                                         
    649                                                                         
  â± 650 from altair.vegalite import *                                           
    651 from altair.vegalite.v5.schema.core import Dict                         
    652 from altair.jupyter import JupyterChart                                 
    653 from altair.expr import expr                                            
                                                                                
  /home/adminuser/venv/lib/python3.13/site-packages/altair/vegalite/__init__.p  
  y:2 in <module>                                                               
                                                                                
    1 # ruff: noqa: F403                                                        
  â± 2 from .v5 import *                                                         
    3                                                                           
                                                                                
  /home/adminuser/venv/lib/python3.13/site-packages/altair/vegalite/v5/__init_  
  _.py:4 in <module>                                                            
                                                                                
     1 # ruff: noqa: F401, F403                                                 
     2 from altair.expr.core import datum                                       
     3                                                                          
  â±  4 from .api import *                                                       
     5 from .compiler import vegalite_compilers                                 
     6 from .data import (                                                      
     7 â”‚   MaxRowsError,                                                        
                                                                                
  /home/adminuser/venv/lib/python3.13/site-packages/altair/vegalite/v5/api.py:  
  618 in <module>                                                               
                                                                                
     615 â”‚   return selection                                                   
     616                                                                        
     617                                                                        
  â±  618 class _ConditionClosed(TypedDict, closed=True, total=False):  # type:  
     619 â”‚   # https://peps.python.org/pep-0728/                                
     620 â”‚   # Parameter {"param", "value", "empty"}                            
     621 â”‚   # Predicate {"test", "value"}                                      
â”€â”€â”€â”€â”€â”€â”€â”€â”€â”€â”€â”€â”€â”€â”€â”€â”€â”€â”€â”€â”€â”€â”€â”€â”€â”€â”€â”€â”€â”€â”€â”€â”€â”€â”€â”€â”€â”€â”€â”€â”€â”€â”€â”€â”€â”€â”€â”€â”€â”€â”€â”€â”€â”€â”€â”€â”€â”€â”€â”€â”€â”€â”€â”€â”€â”€â”€â”€â”€â”€â”€â”€â”€â”€â”€â”€â”€â”€â”€â”€
TypeError: _TypedDictMeta.__new__() got an unexpected keyword argument 'closed'
2025-10-30 16:16:28.040 503 GET /script-health-check (127.0.0.1) 359.98ms
â”€â”€â”€â”€â”€â”€â”€â”€â”€â”€â”€â”€â”€â”€â”€â”€â”€â”€â”€â”€â”€â”€ Traceback (most recent call last) â”€â”€â”€â”€â”€â”€â”€â”€â”€â”€â”€â”€â”€â”€â”€â”€â”€â”€â”€â”€â”€â”€â”€
  /home/adminuser/venv/lib/python3.13/site-packages/streamlit/runtime/scriptru  
  nner/exec_code.py:88 in exec_func_with_error_handling                         
                                                                                
  /home/adminuser/venv/lib/python3.13/site-packages/streamlit/runtime/scriptru  
  nner/script_runner.py:579 in code_to_exec                                     
                                                                                
  /mount/src/de_steam_review_pipeline_analysis/streamlit_app.py:4 in <module>   
                                                                                
      1 import os                                                               
      2 import duckdb                                                           
      3 import streamlit as st                                                  
  â±   4 import altair as alt                                                    
      5 import pandas as pd                                                     
      6 from dotenv import load_dotenv                                          
      7 load_dotenv()                                                           
                                                                                
  /home/adminuser/venv/lib/python3.13/site-packages/altair/__init__.py:650 in   
  <module>                                                                      
                                                                                
    647 â”‚   return __all__                                                      
    648                                                                         
    649                                                                         
  â± 650 from altair.vegalite import *                                           
    651 from altair.vegalite.v5.schema.core import Dict                         
    652 from altair.jupyter import JupyterChart                                 
    653 from altair.expr import expr                                            
                                                                                
  /home/adminuser/venv/lib/python3.13/site-packages/altair/vegalite/__init__.p  
  y:2 in <module>                                                               
                                                                                
    1 # ruff: noqa: F403                                                        
  â± 2 from .v5 import *                                                         
    3                                                                           
                                                                                
  /home/adminuser/venv/lib/python3.13/site-packages/altair/vegalite/v5/__init_  
  _.py:4 in <module>                                                            
                                                                                
     1 # ruff: noqa: F401, F403                                                 
     2 from altair.expr.core import datum                                       
     3                                                                          
  â±  4 from .api import *                                                       
     5 from .compiler import vegalite_compilers                                 
     6 from .data import (                                                      
     7 â”‚   MaxRowsError,                                                        
                                                                                
  /home/adminuser/venv/lib/python3.13/site-packages/altair/vegalite/v5/api.py:  
  618 in <module>                                                               
                                                                                
     615 â”‚   return selection                                                   
     616                                                                        
     617                                                                        
  â±  618 class _ConditionClosed(TypedDict, closed=True, total=False):  # type:  
     619 â”‚   # https://peps.python.org/pep-0728/                                
     620 â”‚   # Parameter {"param", "value", "empty"}                            
     621 â”‚   # Predicate {"test", "value"}                                      
â”€â”€â”€â”€â”€â”€â”€â”€â”€â”€â”€â”€â”€â”€â”€â”€â”€â”€â”€â”€â”€â”€â”€â”€â”€â”€â”€â”€â”€â”€â”€â”€â”€â”€â”€â”€â”€â”€â”€â”€â”€â”€â”€â”€â”€â”€â”€â”€â”€â”€â”€â”€â”€â”€â”€â”€â”€â”€â”€â”€â”€â”€â”€â”€â”€â”€â”€â”€â”€â”€â”€â”€â”€â”€â”€â”€â”€â”€â”€â”€
TypeError: _TypedDictMeta.__new__() got an unexpected keyword argument 'closed'
2025-10-30 16:16:33.087 503 GET /script-health-check (127.0.0.1) 386.10ms
â”€â”€â”€â”€â”€â”€â”€â”€â”€â”€â”€â”€â”€â”€â”€â”€â”€â”€â”€â”€â”€â”€ Traceback (most recent call last) â”€â”€â”€â”€â”€â”€â”€â”€â”€â”€â”€â”€â”€â”€â”€â”€â”€â”€â”€â”€â”€â”€â”€
  /home/adminuser/venv/lib/python3.13/site-packages/streamlit/runtime/scriptru  
  nner/exec_code.py:88 in exec_func_with_error_handling                         
                                                                                
  /home/adminuser/venv/lib/python3.13/site-packages/streamlit/runtime/scriptru  
  nner/script_runner.py:579 in code_to_exec                                     
                                                                                
  /mount/src/de_steam_review_pipeline_analysis/streamlit_app.py:4 in <module>   
                                                                                
      1 import os                                                               
      2 import duckdb                                                           
      3 import streamlit as st                                                  
  â±   4 import altair as alt                                                    
      5 import pandas as pd                                                     
      6 from dotenv import load_dotenv                                          
      7 load_dotenv()                                                           
                                                                                
  /home/adminuser/venv/lib/python3.13/site-packages/altair/__init__.py:650 in   
  <module>                                                                      
                                                                                
    647 â”‚   return __all__                                                      
    648                                                                         
    649                                                                         
  â± 650 from altair.vegalite import *                                           
    651 from altair.vegalite.v5.schema.core import Dict                         
    652 from altair.jupyter import JupyterChart                                 
    653 from altair.expr import expr                                            
                                                                                
  /home/adminuser/venv/lib/python3.13/site-packages/altair/vegalite/__init__.p  
  y:2 in <module>                                                               
                                                                                
    1 # ruff: noqa: F403                                                        
  â± 2 from .v5 import *                                                         
    3                                                                           
                                                                                
  /home/adminuser/venv/lib/python3.13/site-packages/altair/vegalite/v5/__init_  
  _.py:4 in <module>                                                            
                                                                                
     1 # ruff: noqa: F401, F403                                                 
     2 from altair.expr.core import datum                                       
     3                                                                          
  â±  4 from .api import *                                                       
     5 from .compiler import vegalite_compilers                                 
     6 from .data import (                                                      
     7 â”‚   MaxRowsError,                                                        
                                                                                
  /home/adminuser/venv/lib/python3.13/site-packages/altair/vegalite/v5/api.py:  
  618 in <module>                                                               
                                                                                
     615 â”‚   return selection                                                   
     616                                                                        
     617                                                                        
  â±  618 class _ConditionClosed(TypedDict, closed=True, total=False):  # type:  
     619 â”‚   # https://peps.python.org/pep-0728/                                
     620 â”‚   # Parameter {"param", "value", "empty"}                            
     621 â”‚   # Predicate {"test", "value"}                                      
â”€â”€â”€â”€â”€â”€â”€â”€â”€â”€â”€â”€â”€â”€â”€â”€â”€â”€â”€â”€â”€â”€â”€â”€â”€â”€â”€â”€â”€â”€â”€â”€â”€â”€â”€â”€â”€â”€â”€â”€â”€â”€â”€â”€â”€â”€â”€â”€â”€â”€â”€â”€â”€â”€â”€â”€â”€â”€â”€â”€â”€â”€â”€â”€â”€â”€â”€â”€â”€â”€â”€â”€â”€â”€â”€â”€â”€â”€â”€â”€
TypeError: _TypedDictMeta.__new__() got an unexpected keyword argument 'closed'
2025-10-30 16:16:37.848 503 GET /script-health-check (127.0.0.1) 207.19ms
â”€â”€â”€â”€â”€â”€â”€â”€â”€â”€â”€â”€â”€â”€â”€â”€â”€â”€â”€â”€â”€â”€ Traceback (most recent call last) â”€â”€â”€â”€â”€â”€â”€â”€â”€â”€â”€â”€â”€â”€â”€â”€â”€â”€â”€â”€â”€â”€â”€
  /home/adminuser/venv/lib/python3.13/site-packages/streamlit/runtime/scriptru  
  nner/exec_code.py:88 in exec_func_with_error_handling                         
                                                                                
  /home/adminuser/venv/lib/python3.13/site-packages/streamlit/runtime/scriptru  
  nner/script_runner.py:579 in code_to_exec                                     
                                                                                
  /mount/src/de_steam_review_pipeline_analysis/streamlit_app.py:4 in <module>   
                                                                                
      1 import os                                                               
      2 import duckdb                                                           
      3 import streamlit as st                                                  
  â±   4 import altair as alt                                                    
      5 import pandas as pd                                                     
      6 from dotenv import load_dotenv                                          
      7 load_dotenv()                                                           
                                                                                
  /home/adminuser/venv/lib/python3.13/site-packages/altair/__init__.py:650 in   
  <module>                                                                      
                                                                                
    647 â”‚   return __all__                                                      
    648                                                                         
    649                                                                         
  â± 650 from altair.vegalite import *                                           
    651 from altair.vegalite.v5.schema.core import Dict                         
    652 from altair.jupyter import JupyterChart                                 
    653 from altair.expr import expr                                            
                                                                                
  /home/adminuser/venv/lib/python3.13/site-packages/altair/vegalite/__init__.p  
  y:2 in <module>                                                               
                                                                                
    1 # ruff: noqa: F403                                                        
  â± 2 from .v5 import *                                                         
    3                                                                           
                                                                                
  /home/adminuser/venv/lib/python3.13/site-packages/altair/vegalite/v5/__init_  
  _.py:4 in <module>                                                            
                                                                                
     1 # ruff: noqa: F401, F403                                                 
     2 from altair.expr.core import datum                                       
     3                                                                          
  â±  4 from .api import *                                                       
     5 from .compiler import vegalite_compilers                                 
     6 from .data import (                                                      
     7 â”‚   MaxRowsError,                                                        
                                                                                
  /home/adminuser/venv/lib/python3.13/site-packages/altair/vegalite/v5/api.py:  
  618 in <module>                                                               
                                                                                
     615 â”‚   return selection                                                   
     616                                                                        
     617                                                                        
  â±  618 class _ConditionClosed(TypedDict, closed=True, total=False):  # type:  
     619 â”‚   # https://peps.python.org/pep-0728/                                
     620 â”‚   # Parameter {"param", "value", "empty"}                            
     621 â”‚   # Predicate {"test", "value"}                                      
â”€â”€â”€â”€â”€â”€â”€â”€â”€â”€â”€â”€â”€â”€â”€â”€â”€â”€â”€â”€â”€â”€â”€â”€â”€â”€â”€â”€â”€â”€â”€â”€â”€â”€â”€â”€â”€â”€â”€â”€â”€â”€â”€â”€â”€â”€â”€â”€â”€â”€â”€â”€â”€â”€â”€â”€â”€â”€â”€â”€â”€â”€â”€â”€â”€â”€â”€â”€â”€â”€â”€â”€â”€â”€â”€â”€â”€â”€â”€â”€
TypeError: _TypedDictMeta.__new__() got an unexpected keyword argument 'closed'
2025-10-30 16:16:43.024 503 GET /script-health-check (127.0.0.1) 379.10ms
â”€â”€â”€â”€â”€â”€â”€â”€â”€â”€â”€â”€â”€â”€â”€â”€â”€â”€â”€â”€â”€â”€ Traceback (most recent call last) â”€â”€â”€â”€â”€â”€â”€â”€â”€â”€â”€â”€â”€â”€â”€â”€â”€â”€â”€â”€â”€â”€â”€
  /home/adminuser/venv/lib/python3.13/site-packages/streamlit/runtime/scriptru  
  nner/exec_code.py:88 in exec_func_with_error_handling                         
                                                                                
  /home/adminuser/venv/lib/python3.13/site-packages/streamlit/runtime/scriptru  
  nner/script_runner.py:579 in code_to_exec                                     
                                                                                
  /mount/src/de_steam_review_pipeline_analysis/streamlit_app.py:4 in <module>   
                                                                                
      1 import os                                                               
      2 import duckdb                                                           
      3 import streamlit as st                                                  
  â±   4 import altair as alt                                                    
      5 import pandas as pd                                                     
      6 from dotenv import load_dotenv                                          
      7 load_dotenv()                                                           
                                                                                
  /home/adminuser/venv/lib/python3.13/site-packages/altair/__init__.py:650 in   
  <module>                                                                      
                                                                                
    647 â”‚   return __all__                                                      
    648                                                                         
    649                                                                         
  â± 650 from altair.vegalite import *                                           
    651 from altair.vegalite.v5.schema.core import Dict                         
    652 from altair.jupyter import JupyterChart                                 
    653 from altair.expr import expr                                            
                                                                                
  /home/adminuser/venv/lib/python3.13/site-packages/altair/vegalite/__init__.p  
  y:2 in <module>                                                               
                                                                                
    1 # ruff: noqa: F403                                                        
  â± 2 from .v5 import *                                                         
    3                                                                           
                                                                                
  /home/adminuser/venv/lib/python3.13/site-packages/altair/vegalite/v5/__init_  
  _.py:4 in <module>                                                            
                                                                                
     1 # ruff: noqa: F401, F403                                                 
     2 from altair.expr.core import datum                                       
     3                                                                          
  â±  4 from .api import *                                                       
     5 from .compiler import vegalite_compilers                                 
     6 from .data import (                                                      
     7 â”‚   MaxRowsError,                                                        
                                                                                
  /home/adminuser/venv/lib/python3.13/site-packages/altair/vegalite/v5/api.py:  
  618 in <module>                                                               
                                                                                
     615 â”‚   return selection                                                   
     616                                                                        
     617                                                                        
  â±  618 class _ConditionClosed(TypedDict, closed=True, total=False):  # type:  
     619 â”‚   # https://peps.python.org/pep-0728/                                
     620 â”‚   # Parameter {"param", "value", "empty"}                            
     621 â”‚   # Predicate {"test", "value"}                                      
â”€â”€â”€â”€â”€â”€â”€â”€â”€â”€â”€â”€â”€â”€â”€â”€â”€â”€â”€â”€â”€â”€â”€â”€â”€â”€â”€â”€â”€â”€â”€â”€â”€â”€â”€â”€â”€â”€â”€â”€â”€â”€â”€â”€â”€â”€â”€â”€â”€â”€â”€â”€â”€â”€â”€â”€â”€â”€â”€â”€â”€â”€â”€â”€â”€â”€â”€â”€â”€â”€â”€â”€â”€â”€â”€â”€â”€â”€â”€â”€
TypeError: _TypedDictMeta.__new__() got an unexpected keyword argument 'closed'
2025-10-30 16:16:47.904 503 GET /script-health-check (127.0.0.1) 280.78ms
â”€â”€â”€â”€â”€â”€â”€â”€â”€â”€â”€â”€â”€â”€â”€â”€â”€â”€â”€â”€â”€â”€ Traceback (most recent call last) â”€â”€â”€â”€â”€â”€â”€â”€â”€â”€â”€â”€â”€â”€â”€â”€â”€â”€â”€â”€â”€â”€â”€
  /home/adminuser/venv/lib/python3.13/site-packages/streamlit/runtime/scriptru  
  nner/exec_code.py:88 in exec_func_with_error_handling                         
                                                                                
  /home/adminuser/venv/lib/python3.13/site-packages/streamlit/runtime/scriptru  
  nner/script_runner.py:579 in code_to_exec                                     
                                                                                
  /mount/src/de_steam_review_pipeline_analysis/streamlit_app.py:4 in <module>   
                                                                                
      1 import os                                                               
      2 import duckdb                                                           
      3 import streamlit as st                                                  
  â±   4 import altair as alt                                                    
      5 import pandas as pd                                                     
      6 from dotenv import load_dotenv                                          
      7 load_dotenv()                                                           
                                                                                
  /home/adminuser/venv/lib/python3.13/site-packages/altair/__init__.py:650 in   
  <module>                                                                      
                                                                                
    647 â”‚   return __all__                                                      
    648                                                                         
    649                                                                         
  â± 650 from altair.vegalite import *                                           
    651 from altair.vegalite.v5.schema.core import Dict                         
    652 from altair.jupyter import JupyterChart                                 
    653 from altair.expr import expr                                            
                                                                                
  /home/adminuser/venv/lib/python3.13/site-packages/altair/vegalite/__init__.p  
  y:2 in <module>                                                               
                                                                                
    1 # ruff: noqa: F403                                                        
  â± 2 from .v5 import *                                                         
    3                                                                           
                                                                                
  /home/adminuser/venv/lib/python3.13/site-packages/altair/vegalite/v5/__init_  
  _.py:4 in <module>                                                            
                                                                                
     1 # ruff: noqa: F401, F403                                                 
     2 from altair.expr.core import datum                                       
     3                                                                          
  â±  4 from .api import *                                                       
     5 from .compiler import vegalite_compilers                                 
     6 from .data import (                                                      
     7 â”‚   MaxRowsError,                                                        
                                                                                
  /home/adminuser/venv/lib/python3.13/site-packages/altair/vegalite/v5/api.py:  
  618 in <module>                                                               
                                                                                
     615 â”‚   return selection                                                   
     616                                                                        
     617                                                                        
  â±  618 class _ConditionClosed(TypedDict, closed=True, total=False):  # type:  
     619 â”‚   # https://peps.python.org/pep-0728/                                
     620 â”‚   # Parameter {"param", "value", "empty"}                            
     621 â”‚   # Predicate {"test", "value"}                                      
â”€â”€â”€â”€â”€â”€â”€â”€â”€â”€â”€â”€â”€â”€â”€â”€â”€â”€â”€â”€â”€â”€â”€â”€â”€â”€â”€â”€â”€â”€â”€â”€â”€â”€â”€â”€â”€â”€â”€â”€â”€â”€â”€â”€â”€â”€â”€â”€â”€â”€â”€â”€â”€â”€â”€â”€â”€â”€â”€â”€â”€â”€â”€â”€â”€â”€â”€â”€â”€â”€â”€â”€â”€â”€â”€â”€â”€â”€â”€â”€
TypeError: _TypedDictMeta.__new__() got an unexpected keyword argument 'closed'
2025-10-30 16:16:52.851 503 GET /script-health-check (127.0.0.1) 255.71ms
â”€â”€â”€â”€â”€â”€â”€â”€â”€â”€â”€â”€â”€â”€â”€â”€â”€â”€â”€â”€â”€â”€ Traceback (most recent call last) â”€â”€â”€â”€â”€â”€â”€â”€â”€â”€â”€â”€â”€â”€â”€â”€â”€â”€â”€â”€â”€â”€â”€
  /home/adminuser/venv/lib/python3.13/site-packages/streamlit/runtime/scriptru  
  nner/exec_code.py:88 in exec_func_with_error_handling                         
                                                                                
  /home/adminuser/venv/lib/python3.13/site-packages/streamlit/runtime/scriptru  
  nner/script_runner.py:579 in code_to_exec                                     
                                                                                
  /mount/src/de_steam_review_pipeline_analysis/streamlit_app.py:4 in <module>   
                                                                                
      1 import os                                                               
      2 import duckdb                                                           
      3 import streamlit as st                                                  
  â±   4 import altair as alt                                                    
      5 import pandas as pd                                                     
      6 from dotenv import load_dotenv                                          
      7 load_dotenv()                                                           
                                                                                
  /home/adminuser/venv/lib/python3.13/site-packages/altair/__init__.py:650 in   
  <module>                                                                      
                                                                                
    647 â”‚   return __all__                                                      
    648                                                                         
    649                                                                         
  â± 650 from altair.vegalite import *                                           
    651 from altair.vegalite.v5.schema.core import Dict                         
    652 from altair.jupyter import JupyterChart                                 
    653 from altair.expr import expr                                            
                                                                                
  /home/adminuser/venv/lib/python3.13/site-packages/altair/vegalite/__init__.p  
  y:2 in <module>                                                               
                                                                                
    1 # ruff: noqa: F403                                                        
  â± 2 from .v5 import *                                                         
    3                                                                           
                                                                                
  /home/adminuser/venv/lib/python3.13/site-packages/altair/vegalite/v5/__init_  
  _.py:4 in <module>                                                            
                                                                                
     1 # ruff: noqa: F401, F403                                                 
     2 from altair.expr.core import datum                                       
     3                                                                          
  â±  4 from .api import *                                                       
     5 from .compiler import vegalite_compilers                                 
     6 from .data import (                                                      
     7 â”‚   MaxRowsError,                                                        
                                                                                
  /home/adminuser/venv/lib/python3.13/site-packages/altair/vegalite/v5/api.py:  
  618 in <module>                                                               
                                                                                
     615 â”‚   return selection                                                   
     616                                                                        
     617                                                                        
  â±  618 class _ConditionClosed(TypedDict, closed=True, total=False):  # type:  
     619 â”‚   # https://peps.python.org/pep-0728/                                
     620 â”‚   # Parameter {"param", "value", "empty"}                            
     621 â”‚   # Predicate {"test", "value"}                                      
â”€â”€â”€â”€â”€â”€â”€â”€â”€â”€â”€â”€â”€â”€â”€â”€â”€â”€â”€â”€â”€â”€â”€â”€â”€â”€â”€â”€â”€â”€â”€â”€â”€â”€â”€â”€â”€â”€â”€â”€â”€â”€â”€â”€â”€â”€â”€â”€â”€â”€â”€â”€â”€â”€â”€â”€â”€â”€â”€â”€â”€â”€â”€â”€â”€â”€â”€â”€â”€â”€â”€â”€â”€â”€â”€â”€â”€â”€â”€â”€
TypeError: _TypedDictMeta.__new__() got an unexpected keyword argument 'closed'
2025-10-30 16:16:57.918 503 GET /script-health-check (127.0.0.1) 301.33ms
â”€â”€â”€â”€â”€â”€â”€â”€â”€â”€â”€â”€â”€â”€â”€â”€â”€â”€â”€â”€â”€â”€ Traceback (most recent call last) â”€â”€â”€â”€â”€â”€â”€â”€â”€â”€â”€â”€â”€â”€â”€â”€â”€â”€â”€â”€â”€â”€â”€
  /home/adminuser/venv/lib/python3.13/site-packages/streamlit/runtime/scriptru  
  nner/exec_code.py:88 in exec_func_with_error_handling                         
                                                                                
  /home/adminuser/venv/lib/python3.13/site-packages/streamlit/runtime/scriptru  
  nner/script_runner.py:579 in code_to_exec                                     
                                                                                
  /mount/src/de_steam_review_pipeline_analysis/streamlit_app.py:4 in <module>   
                                                                                
      1 import os                                                               
      2 import duckdb                                                           
      3 import streamlit as st                                                  
  â±   4 import altair as alt                                                    
      5 import pandas as pd                                                     
      6 from dotenv import load_dotenv                                          
      7 load_dotenv()                                                           
                                                                                
  /home/adminuser/venv/lib/python3.13/site-packages/altair/__init__.py:650 in   
  <module>                                                                      
                                                                                
    647 â”‚   return __all__                                                      
    648                                                                         
    649                                                                         
  â± 650 from altair.vegalite import *                                           
    651 from altair.vegalite.v5.schema.core import Dict                         
    652 from altair.jupyter import JupyterChart                                 
    653 from altair.expr import expr                                            
                                                                                
  /home/adminuser/venv/lib/python3.13/site-packages/altair/vegalite/__init__.p  
  y:2 in <module>                                                               
                                                                                
    1 # ruff: noqa: F403                                                        
  â± 2 from .v5 import *                                                         
    3                                                                           
                                                                                
  /home/adminuser/venv/lib/python3.13/site-packages/altair/vegalite/v5/__init_  
  _.py:4 in <module>                                                            
                                                                                
     1 # ruff: noqa: F401, F403                                                 
     2 from altair.expr.core import datum                                       
     3                                                                          
  â±  4 from .api import *                                                       
     5 from .compiler import vegalite_compilers                                 
     6 from .data import (                                                      
     7 â”‚   MaxRowsError,                                                        
                                                                                
  /home/adminuser/venv/lib/python3.13/site-packages/altair/vegalite/v5/api.py:  
  618 in <module>                                                               
                                                                                
     615 â”‚   return selection                                                   
     616                                                                        
     617                                                                        
  â±  618 class _ConditionClosed(TypedDict, closed=True, total=False):  # type:  
     619 â”‚   # https://peps.python.org/pep-0728/                                
     620 â”‚   # Parameter {"param", "value", "empty"}                            
     621 â”‚   # Predicate {"test", "value"}                                      
â”€â”€â”€â”€â”€â”€â”€â”€â”€â”€â”€â”€â”€â”€â”€â”€â”€â”€â”€â”€â”€â”€â”€â”€â”€â”€â”€â”€â”€â”€â”€â”€â”€â”€â”€â”€â”€â”€â”€â”€â”€â”€â”€â”€â”€â”€â”€â”€â”€â”€â”€â”€â”€â”€â”€â”€â”€â”€â”€â”€â”€â”€â”€â”€â”€â”€â”€â”€â”€â”€â”€â”€â”€â”€â”€â”€â”€â”€â”€â”€
TypeError: _TypedDictMeta.__new__() got an unexpected keyword argument 'closed'
2025-10-30 16:17:02.883 503 GET /script-health-check (127.0.0.1) 276.53ms